20:04:44.577 [JavaFX Application Thread] DEBUG GameApplication      - Logger initialized
20:04:44.586 [JavaFX Application Thread] DEBUG GameApplication      - Logging settings
Title: My First Game app
Version: 0.1
Width: 600
Height: 600
Fullscreen: false
Intro: false
Menus: false
Profiling: false
Single step:false
App Mode: DEVELOPER
Menu Key: ESCAPE
Stage Style: DECORATED
Scene Factory: class com.almasb.fxgl.scene.SceneFactory
Dialog Factory: class com.almasb.fxgl.ui.FXGLDialogFactory
UI Factory: class com.almasb.fxgl.ui.FXGLUIFactory
Notification Service: class com.almasb.fxgl.gameplay.notification.XboxNotificationView
Exception Handler: class com.almasb.fxgl.app.FXGLExceptionHandler
20:04:44.586 [JavaFX Application Thread] DEBUG GameApplication      - Starting FXGL
20:04:44.603 [JavaFX Application Thread] INFO  FXGL                 - FXGL-0.5.4 on DESKTOP
20:04:44.604 [JavaFX Application Thread] INFO  FXGL                 - Source code and latest versions at: https://github.com/AlmasB/FXGL
20:04:44.605 [JavaFX Application Thread] INFO  FXGL                 -              Join the FXGL chat at: https://gitter.im/AlmasB/FXGL
20:04:44.606 [JavaFX Application Thread] DEBUG FXGL                 - FXGL started
20:04:44.607 [JavaFX Application Thread] DEBUG FXGL                 - Initializing FXGL
20:04:44.713 [JavaFX Application Thread] DEBUG AssetLoader          - Loading from disk: /assets/ui/cursors/fxgl_default.png
20:04:44.886 [JavaFX Application Thread] DEBUG AssetLoader          - Loading from disk: /assets/ui/fonts/VarelaRound-Regular.ttf
20:04:45.043 [JavaFX Application Thread] DEBUG MainWindow           - Creating a JavaFX scene
20:04:45.147 [JavaFX Application Thread] DEBUG MainWindow           - Target settings size: 600.0 x 600.0
20:04:45.147 [JavaFX Application Thread] DEBUG MainWindow           - Scaled scene size:    600.0 x 600.0
20:04:45.148 [JavaFX Application Thread] DEBUG MainWindow           - Scaled ratio: (1.0, 1.0)
20:04:45.160 [JavaFX Application Thread] DEBUG AssetLoader          - Loading from disk: /assets/ui/css/fxgl_dark.css
20:04:45.168 [JavaFX Application Thread] DEBUG AssetLoader          - Loading from disk: /assets/textures/fxgl_icon.png
20:04:45.209 [JavaFX Application Thread] DEBUG MainWindow           - Opening main window
20:04:45.609 [JavaFX Application Thread] DEBUG MainWindow           - Window border size: (2.0, 25.0)
20:04:45.609 [JavaFX Application Thread] DEBUG MainWindow           - Scaled size: 600.0 x 600.0
20:04:45.610 [JavaFX Application Thread] DEBUG MainWindow           - Scaled ratio: (1.0, 1.0)
20:04:45.610 [JavaFX Application Thread] DEBUG MainWindow           - Scene size: 600.0 x 600.0
20:04:45.610 [JavaFX Application Thread] DEBUG MainWindow           - Stage size: 602.0 x 625.0
20:04:45.762 [ForkJoinPool.commonPool-worker-1] DEBUG FS                   - Loaded DesktopFSService
20:04:45.763 [ForkJoinPool.commonPool-worker-1] DEBUG FXGL                 - Loading FXGL system data
20:04:45.779 [ForkJoinPool.commonPool-worker-1] DEBUG DesktopFSService     - Reading from: system/fxgl.bundle
20:04:45.806 [ForkJoinPool.commonPool-worker-1] DEBUG Bundle               - Logging bundle: FXGL
20:04:45.807 [ForkJoinPool.commonPool-worker-1] DEBUG Bundle               - FXGL.offline.timer.version.check=2019-03-10T17:04:45.363
20:04:45.815 [ForkJoinPool.commonPool-worker-1] DEBUG FXGL                 - Initializing state machine and application states
20:04:45.818 [ForkJoinPool.commonPool-worker-1] DEBUG AssetLoader          - Loading from disk: /assets/ui/cursors/fxgl_default.png
20:04:45.832 [ForkJoinPool.commonPool-worker-1] DEBUG AssetLoader          - Loading from disk: /assets/ui/cursors/fxgl_default.png
20:04:45.845 [ForkJoinPool.commonPool-worker-1] DEBUG AssetLoader          - Loading from cache: /assets/ui/fonts/VarelaRound-Regular.ttf
20:04:45.850 [ForkJoinPool.commonPool-worker-1] DEBUG AssetLoader          - Loading from disk: /assets/ui/cursors/fxgl_default.png
20:04:45.856 [ForkJoinPool.commonPool-worker-1] DEBUG GameScene            - Game scene initialized: 600x600
20:04:45.867 [ForkJoinPool.commonPool-worker-1] DEBUG GameWorld            - Game world initialized
20:04:46.026 [ForkJoinPool.commonPool-worker-1] DEBUG PhysicsWorld         - Physics world initialized: appHeight=600, physics.ppm=50.0
20:04:46.076 [ForkJoinPool.commonPool-worker-1] DEBUG Input                - Registered new binding: Pause - Esc
20:04:46.249 [JavaFX Application Thread] DEBUG FXGL                 - Running preInit()
20:04:46.253 [JavaFX Application Thread] DEBUG Input                - Registered new binding: Screenshot - P
20:04:46.254 [JavaFX Application Thread] DEBUG Input                - Registered new binding: Dev Options - CTRL+0
20:04:46.255 [JavaFX Application Thread] DEBUG Input                - Registered new binding: System info dump - CTRL+9
20:04:46.256 [JavaFX Application Thread] DEBUG Input                - Registered new binding: Restart - CTRL+R
20:04:46.257 [JavaFX Application Thread] DEBUG Input                - Registered new binding: Move Right - D
20:04:46.258 [JavaFX Application Thread] DEBUG Input                - Registered new binding: Move Left - A
20:04:46.259 [JavaFX Application Thread] DEBUG Input                - Registered new binding: Move Up - W
20:04:46.259 [JavaFX Application Thread] DEBUG Input                - Registered new binding: Move Down - S
20:04:46.259 [JavaFX Application Thread] DEBUG Input                - Registered new binding: shoot - Space
20:04:46.261 [JavaFX Application Thread] INFO  FXGL                 - FXGL initialization took: 1.654 sec
20:04:46.262 [JavaFX Application Thread] DEBUG LoopRunner           - Starting loop
20:04:46.266 [JavaFX Application Thread] DEBUG StartupState         - STARTUP
20:04:46.266 [JavaFX Application Thread] DEBUG GameApplication      - Starting new game
20:04:46.267 [JavaFX Application Thread] DEBUG Input                - Clearing active input actions
20:04:46.270 [JavaFX Application Thread] DEBUG AssetLoader          - Loading from disk: /assets/ui/css/fxgl_dark.css
20:04:46.293 [JavaFX Application Thread] DEBUG AppStateMachine      - StartupState -> LoadingState
20:04:46.308 [FXGL Background Thread 1 ] DEBUG InitAppTask          - Clearing previous game
20:04:46.308 [FXGL Background Thread 1 ] DEBUG GameWorld            - Clearing game world
20:04:46.309 [FXGL Background Thread 1 ] DEBUG PhysicsWorld         - Clearing physics world
20:04:46.309 [FXGL Background Thread 1 ] DEBUG GameScene            - Clearing game scene
20:04:46.311 [FXGL Background Thread 1 ] DEBUG InitAppTask          - Initializing Game
20:04:46.532 [FXGL Background Thread 1 ] DEBUG GameScene            - Creating render group for layer: DEFAULT(100000)
20:04:46.542 [FXGL Background Thread 1 ] DEBUG AssetLoader          - Loading from disk: /assets/textures/player.png
20:04:46.557 [FXGL Background Thread 1 ] DEBUG AssetLoader          - Loading from disk: /assets/textures/enemyShip.png
20:04:46.560 [FXGL Background Thread 1 ] DEBUG InitAppTask          - Initializing Physics
20:04:46.561 [FXGL Background Thread 1 ] DEBUG InitAppTask          - Initializing UI
20:04:46.562 [FXGL Background Thread 1 ] DEBUG InitAppTask          - Initialization Complete
20:04:46.562 [FXGL Background Thread 1 ] INFO  InitAppTask          - Game initialization took: 0.254 sec
20:04:46.572 [JavaFX Application Thread] DEBUG Input                - Clearing active input actions
20:04:46.573 [JavaFX Application Thread] DEBUG AssetLoader          - Loading from disk: /assets/ui/css/fxgl_dark.css
20:04:46.584 [JavaFX Application Thread] DEBUG AppStateMachine      - LoadingState -> PlayState
20:04:49.032 [JavaFX Application Thread] DEBUG AssetLoader          - Loading from disk: /assets/textures/laserGreen.png
20:04:49.043 [JavaFX Application Thread] DEBUG AssetLoader          - Loading from cache: /assets/textures/laserGreen.png
20:04:49.051 [JavaFX Application Thread] DEBUG AssetLoader          - Loading from cache: /assets/textures/laserGreen.png
20:04:49.058 [JavaFX Application Thread] DEBUG AssetLoader          - Loading from cache: /assets/textures/laserGreen.png
20:04:49.064 [JavaFX Application Thread] DEBUG AssetLoader          - Loading from cache: /assets/textures/laserGreen.png
20:04:49.072 [JavaFX Application Thread] DEBUG AssetLoader          - Loading from cache: /assets/textures/laserGreen.png
20:04:49.079 [JavaFX Application Thread] DEBUG AssetLoader          - Loading from cache: /assets/textures/laserGreen.png
20:04:49.082 [JavaFX Application Thread] DEBUG AssetLoader          - Loading from cache: /assets/textures/laserGreen.png
20:04:49.092 [JavaFX Application Thread] DEBUG AssetLoader          - Loading from cache: /assets/textures/laserGreen.png
20:04:49.099 [JavaFX Application Thread] DEBUG AssetLoader          - Loading from cache: /assets/textures/laserGreen.png
20:04:49.107 [JavaFX Application Thread] DEBUG AssetLoader          - Loading from cache: /assets/textures/laserGreen.png
20:04:49.169 [JavaFX Application Thread] DEBUG AssetLoader          - Loading from cache: /assets/textures/laserGreen.png
20:04:50.036 [JavaFX Application Thread] DEBUG AssetLoader          - Loading from cache: /assets/textures/laserGreen.png
20:04:50.044 [JavaFX Application Thread] DEBUG AssetLoader          - Loading from cache: /assets/textures/laserGreen.png
20:04:50.052 [JavaFX Application Thread] DEBUG AssetLoader          - Loading from cache: /assets/textures/laserGreen.png
20:04:50.057 [JavaFX Application Thread] DEBUG AssetLoader          - Loading from cache: /assets/textures/laserGreen.png
20:04:50.064 [JavaFX Application Thread] DEBUG AssetLoader          - Loading from cache: /assets/textures/laserGreen.png
20:04:50.070 [JavaFX Application Thread] DEBUG AssetLoader          - Loading from cache: /assets/textures/laserGreen.png
20:04:50.074 [JavaFX Application Thread] DEBUG AssetLoader          - Loading from cache: /assets/textures/laserGreen.png
20:04:50.080 [JavaFX Application Thread] DEBUG AssetLoader          - Loading from cache: /assets/textures/laserGreen.png
20:04:50.087 [JavaFX Application Thread] DEBUG AssetLoader          - Loading from cache: /assets/textures/laserGreen.png
20:04:50.090 [JavaFX Application Thread] DEBUG AssetLoader          - Loading from cache: /assets/textures/laserGreen.png
20:04:50.098 [JavaFX Application Thread] DEBUG AssetLoader          - Loading from cache: /assets/textures/laserGreen.png
20:04:50.105 [JavaFX Application Thread] DEBUG AssetLoader          - Loading from cache: /assets/textures/laserGreen.png
20:04:50.109 [JavaFX Application Thread] DEBUG AssetLoader          - Loading from cache: /assets/textures/laserGreen.png
20:04:50.120 [JavaFX Application Thread] DEBUG AssetLoader          - Loading from cache: /assets/textures/laserGreen.png
20:04:50.125 [JavaFX Application Thread] DEBUG AssetLoader          - Loading from cache: /assets/textures/laserGreen.png
20:04:50.134 [JavaFX Application Thread] DEBUG AssetLoader          - Loading from cache: /assets/textures/laserGreen.png
20:04:50.141 [JavaFX Application Thread] DEBUG AssetLoader          - Loading from cache: /assets/textures/laserGreen.png
20:04:50.149 [JavaFX Application Thread] DEBUG AssetLoader          - Loading from cache: /assets/textures/laserGreen.png
20:04:50.156 [JavaFX Application Thread] DEBUG AssetLoader          - Loading from cache: /assets/textures/laserGreen.png
20:04:50.159 [JavaFX Application Thread] DEBUG AssetLoader          - Loading from cache: /assets/textures/laserGreen.png
20:04:50.170 [JavaFX Application Thread] DEBUG AssetLoader          - Loading from cache: /assets/textures/laserGreen.png
20:04:50.177 [JavaFX Application Thread] DEBUG AssetLoader          - Loading from cache: /assets/textures/laserGreen.png
20:04:50.184 [JavaFX Application Thread] DEBUG AssetLoader          - Loading from cache: /assets/textures/laserGreen.png
20:04:50.192 [JavaFX Application Thread] DEBUG AssetLoader          - Loading from cache: /assets/textures/laserGreen.png
20:04:50.196 [JavaFX Application Thread] DEBUG AssetLoader          - Loading from cache: /assets/textures/laserGreen.png
20:04:51.127 [JavaFX Application Thread] DEBUG AssetLoader          - Loading from cache: /assets/textures/laserGreen.png
20:04:51.136 [JavaFX Application Thread] DEBUG AssetLoader          - Loading from cache: /assets/textures/laserGreen.png
20:04:51.144 [JavaFX Application Thread] DEBUG AssetLoader          - Loading from cache: /assets/textures/laserGreen.png
20:04:51.149 [JavaFX Application Thread] DEBUG AssetLoader          - Loading from cache: /assets/textures/laserGreen.png
20:04:51.154 [JavaFX Application Thread] DEBUG AssetLoader          - Loading from cache: /assets/textures/laserGreen.png
20:04:51.160 [JavaFX Application Thread] DEBUG AssetLoader          - Loading from cache: /assets/textures/laserGreen.png
20:04:51.167 [JavaFX Application Thread] DEBUG AssetLoader          - Loading from cache: /assets/textures/laserGreen.png
20:04:51.176 [JavaFX Application Thread] DEBUG AssetLoader          - Loading from cache: /assets/textures/laserGreen.png
20:04:51.183 [JavaFX Application Thread] DEBUG AssetLoader          - Loading from cache: /assets/textures/laserGreen.png
20:04:51.190 [JavaFX Application Thread] DEBUG AssetLoader          - Loading from cache: /assets/textures/laserGreen.png
20:04:51.193 [JavaFX Application Thread] DEBUG AssetLoader          - Loading from cache: /assets/textures/laserGreen.png
20:04:51.202 [JavaFX Application Thread] DEBUG AssetLoader          - Loading from cache: /assets/textures/laserGreen.png
20:04:51.207 [JavaFX Application Thread] DEBUG AssetLoader          - Loading from cache: /assets/textures/laserGreen.png
20:04:51.209 [JavaFX Application Thread] DEBUG AssetLoader          - Loading from cache: /assets/textures/laserGreen.png
20:04:51.218 [JavaFX Application Thread] DEBUG AssetLoader          - Loading from cache: /assets/textures/laserGreen.png
20:04:51.226 [JavaFX Application Thread] DEBUG AssetLoader          - Loading from cache: /assets/textures/laserGreen.png
20:04:51.232 [JavaFX Application Thread] DEBUG AssetLoader          - Loading from cache: /assets/textures/laserGreen.png
20:04:51.238 [JavaFX Application Thread] DEBUG AssetLoader          - Loading from cache: /assets/textures/laserGreen.png
20:04:51.242 [JavaFX Application Thread] DEBUG AssetLoader          - Loading from cache: /assets/textures/laserGreen.png
20:04:51.251 [JavaFX Application Thread] DEBUG AssetLoader          - Loading from cache: /assets/textures/laserGreen.png
20:04:51.257 [JavaFX Application Thread] DEBUG AssetLoader          - Loading from cache: /assets/textures/laserGreen.png
20:04:51.260 [JavaFX Application Thread] DEBUG AssetLoader          - Loading from cache: /assets/textures/laserGreen.png
20:04:51.268 [JavaFX Application Thread] DEBUG AssetLoader          - Loading from cache: /assets/textures/laserGreen.png
20:04:51.275 [JavaFX Application Thread] DEBUG AssetLoader          - Loading from cache: /assets/textures/laserGreen.png
20:04:51.277 [JavaFX Application Thread] DEBUG AssetLoader          - Loading from cache: /assets/textures/laserGreen.png
20:04:51.285 [JavaFX Application Thread] DEBUG AssetLoader          - Loading from cache: /assets/textures/laserGreen.png
20:04:51.960 [JavaFX Application Thread] DEBUG AssetLoader          - Loading from disk: /assets/properties/languages/english.properties
20:04:51.966 [JavaFX Application Thread] DEBUG AssetLoader          - Loading from cache: /assets/ui/fonts/VarelaRound-Regular.ttf
20:04:51.974 [JavaFX Application Thread] DEBUG AssetLoader          - Loading from cache: /assets/ui/fonts/VarelaRound-Regular.ttf
20:04:51.977 [JavaFX Application Thread] DEBUG AssetLoader          - Loading from cache: /assets/properties/languages/english.properties
20:04:51.978 [JavaFX Application Thread] DEBUG AssetLoader          - Loading from cache: /assets/ui/fonts/VarelaRound-Regular.ttf
20:04:51.978 [JavaFX Application Thread] DEBUG AssetLoader          - Loading from cache: /assets/properties/languages/english.properties
20:04:51.982 [JavaFX Application Thread] DEBUG AssetLoader          - Loading from cache: /assets/ui/fonts/VarelaRound-Regular.ttf
20:04:51.983 [JavaFX Application Thread] DEBUG AppStateMachine      - Push state: DialogSubState
20:04:51.984 [JavaFX Application Thread] DEBUG Input                - Clearing active input actions
20:04:51.984 [JavaFX Application Thread] DEBUG AppStateMachine      - PlayState -> DialogSubState
20:04:52.951 [JavaFX Application Thread] DEBUG AppStateMachine      - Pop state: DialogSubState
20:04:52.951 [JavaFX Application Thread] DEBUG Input                - Clearing active input actions
20:04:52.953 [JavaFX Application Thread] DEBUG AppStateMachine      - PlayState <- DialogSubState
20:04:52.953 [JavaFX Application Thread] DEBUG FXGL                 - Exiting FXGL
20:04:52.954 [JavaFX Application Thread] DEBUG FXGL                 - Shutting down background threads
20:04:52.954 [JavaFX Application Thread] DEBUG FXGL                 - Saving FXGL system data
20:04:52.960 [JavaFX Application Thread] DEBUG DesktopFSService     - Writing to: system/fxgl.bundle
20:04:52.966 [JavaFX Application Thread] DEBUG FXGL                 - Closing logger and exiting JavaFX
