20:07:17.276 [JavaFX Application Thread] DEBUG GameApplication      - Logger initialized
20:07:17.285 [JavaFX Application Thread] DEBUG GameApplication      - Logging settings
Title: My First Game app
Version: 0.1
Width: 600
Height: 600
Fullscreen: false
Intro: false
Menus: false
Profiling: false
Single step:false
App Mode: DEVELOPER
Menu Key: ESCAPE
Stage Style: DECORATED
Scene Factory: class com.almasb.fxgl.scene.SceneFactory
Dialog Factory: class com.almasb.fxgl.ui.FXGLDialogFactory
UI Factory: class com.almasb.fxgl.ui.FXGLUIFactory
Notification Service: class com.almasb.fxgl.gameplay.notification.XboxNotificationView
Exception Handler: class com.almasb.fxgl.app.FXGLExceptionHandler
20:07:17.286 [JavaFX Application Thread] DEBUG GameApplication      - Starting FXGL
20:07:17.308 [JavaFX Application Thread] INFO  FXGL                 - FXGL-0.5.4 on DESKTOP
20:07:17.310 [JavaFX Application Thread] INFO  FXGL                 - Source code and latest versions at: https://github.com/AlmasB/FXGL
20:07:17.311 [JavaFX Application Thread] INFO  FXGL                 -              Join the FXGL chat at: https://gitter.im/AlmasB/FXGL
20:07:17.311 [JavaFX Application Thread] DEBUG FXGL                 - FXGL started
20:07:17.312 [JavaFX Application Thread] DEBUG FXGL                 - Initializing FXGL
20:07:17.460 [JavaFX Application Thread] DEBUG AssetLoader          - Loading from disk: /assets/ui/cursors/fxgl_default.png
20:07:17.721 [JavaFX Application Thread] DEBUG AssetLoader          - Loading from disk: /assets/ui/fonts/VarelaRound-Regular.ttf
20:07:17.916 [JavaFX Application Thread] DEBUG MainWindow           - Creating a JavaFX scene
20:07:17.994 [JavaFX Application Thread] DEBUG MainWindow           - Target settings size: 600.0 x 600.0
20:07:17.995 [JavaFX Application Thread] DEBUG MainWindow           - Scaled scene size:    600.0 x 600.0
20:07:17.995 [JavaFX Application Thread] DEBUG MainWindow           - Scaled ratio: (1.0, 1.0)
20:07:18.002 [JavaFX Application Thread] DEBUG AssetLoader          - Loading from disk: /assets/ui/css/fxgl_dark.css
20:07:18.010 [JavaFX Application Thread] DEBUG AssetLoader          - Loading from disk: /assets/textures/fxgl_icon.png
20:07:18.048 [JavaFX Application Thread] DEBUG MainWindow           - Opening main window
20:07:18.567 [JavaFX Application Thread] DEBUG MainWindow           - Window border size: (2.0, 25.0)
20:07:18.567 [JavaFX Application Thread] DEBUG MainWindow           - Scaled size: 600.0 x 600.0
20:07:18.568 [JavaFX Application Thread] DEBUG MainWindow           - Scaled ratio: (1.0, 1.0)
20:07:18.581 [JavaFX Application Thread] DEBUG MainWindow           - Scene size: 600.0 x 600.0
20:07:18.582 [JavaFX Application Thread] DEBUG MainWindow           - Stage size: 602.0 x 625.0
20:07:18.767 [ForkJoinPool.commonPool-worker-1] DEBUG FS                   - Loaded DesktopFSService
20:07:18.768 [ForkJoinPool.commonPool-worker-1] DEBUG FXGL                 - Loading FXGL system data
20:07:18.835 [ForkJoinPool.commonPool-worker-1] DEBUG DesktopFSService     - Reading from: system/fxgl.bundle
20:07:18.878 [ForkJoinPool.commonPool-worker-1] DEBUG Bundle               - Logging bundle: FXGL
20:07:18.884 [ForkJoinPool.commonPool-worker-1] DEBUG Bundle               - FXGL.offline.timer.version.check=2019-03-10T17:04:45.363
20:07:18.903 [ForkJoinPool.commonPool-worker-1] DEBUG FXGL                 - Initializing state machine and application states
20:07:18.915 [ForkJoinPool.commonPool-worker-1] DEBUG AssetLoader          - Loading from disk: /assets/ui/cursors/fxgl_default.png
20:07:18.934 [ForkJoinPool.commonPool-worker-1] DEBUG AssetLoader          - Loading from disk: /assets/ui/cursors/fxgl_default.png
20:07:18.961 [ForkJoinPool.commonPool-worker-1] DEBUG AssetLoader          - Loading from cache: /assets/ui/fonts/VarelaRound-Regular.ttf
20:07:18.966 [ForkJoinPool.commonPool-worker-1] DEBUG AssetLoader          - Loading from disk: /assets/ui/cursors/fxgl_default.png
20:07:18.973 [ForkJoinPool.commonPool-worker-1] DEBUG GameScene            - Game scene initialized: 600x600
20:07:18.984 [ForkJoinPool.commonPool-worker-1] DEBUG GameWorld            - Game world initialized
20:07:19.101 [ForkJoinPool.commonPool-worker-1] DEBUG PhysicsWorld         - Physics world initialized: appHeight=600, physics.ppm=50.0
20:07:19.140 [ForkJoinPool.commonPool-worker-1] DEBUG Input                - Registered new binding: Pause - Esc
20:07:19.227 [JavaFX Application Thread] DEBUG FXGL                 - Running preInit()
20:07:19.231 [JavaFX Application Thread] DEBUG Input                - Registered new binding: Screenshot - P
20:07:19.232 [JavaFX Application Thread] DEBUG Input                - Registered new binding: Dev Options - CTRL+0
20:07:19.233 [JavaFX Application Thread] DEBUG Input                - Registered new binding: System info dump - CTRL+9
20:07:19.234 [JavaFX Application Thread] DEBUG Input                - Registered new binding: Restart - CTRL+R
20:07:19.234 [JavaFX Application Thread] DEBUG Input                - Registered new binding: Move Right - D
20:07:19.234 [JavaFX Application Thread] DEBUG Input                - Registered new binding: Move Left - A
20:07:19.235 [JavaFX Application Thread] DEBUG Input                - Registered new binding: Move Up - W
20:07:19.235 [JavaFX Application Thread] DEBUG Input                - Registered new binding: Move Down - S
20:07:19.235 [JavaFX Application Thread] DEBUG Input                - Registered new binding: shoot - Space
20:07:19.237 [JavaFX Application Thread] INFO  FXGL                 - FXGL initialization took: 1.924 sec
20:07:19.237 [JavaFX Application Thread] DEBUG LoopRunner           - Starting loop
20:07:19.240 [JavaFX Application Thread] DEBUG StartupState         - STARTUP
20:07:19.240 [JavaFX Application Thread] DEBUG GameApplication      - Starting new game
20:07:19.241 [JavaFX Application Thread] DEBUG Input                - Clearing active input actions
20:07:19.242 [JavaFX Application Thread] DEBUG AssetLoader          - Loading from disk: /assets/ui/css/fxgl_dark.css
20:07:19.254 [JavaFX Application Thread] DEBUG AppStateMachine      - StartupState -> LoadingState
20:07:19.261 [FXGL Background Thread 1 ] DEBUG InitAppTask          - Clearing previous game
20:07:19.261 [FXGL Background Thread 1 ] DEBUG GameWorld            - Clearing game world
20:07:19.262 [FXGL Background Thread 1 ] DEBUG PhysicsWorld         - Clearing physics world
20:07:19.262 [FXGL Background Thread 1 ] DEBUG GameScene            - Clearing game scene
20:07:19.264 [FXGL Background Thread 1 ] DEBUG InitAppTask          - Initializing Game
20:07:19.413 [FXGL Background Thread 1 ] DEBUG GameScene            - Creating render group for layer: DEFAULT(100000)
20:07:19.420 [FXGL Background Thread 1 ] DEBUG AssetLoader          - Loading from disk: /assets/textures/player.png
20:07:19.431 [FXGL Background Thread 1 ] DEBUG AssetLoader          - Loading from disk: /assets/textures/enemyShip.png
20:07:19.434 [FXGL Background Thread 1 ] DEBUG InitAppTask          - Initializing Physics
20:07:19.435 [FXGL Background Thread 1 ] DEBUG InitAppTask          - Initializing UI
20:07:19.435 [FXGL Background Thread 1 ] DEBUG InitAppTask          - Initialization Complete
20:07:19.436 [FXGL Background Thread 1 ] INFO  InitAppTask          - Game initialization took: 0.175 sec
20:07:19.440 [JavaFX Application Thread] DEBUG Input                - Clearing active input actions
20:07:19.440 [JavaFX Application Thread] DEBUG AssetLoader          - Loading from disk: /assets/ui/css/fxgl_dark.css
20:07:19.456 [JavaFX Application Thread] DEBUG AppStateMachine      - LoadingState -> PlayState
20:07:19.876 [JavaFX Application Thread] DEBUG AssetLoader          - Loading from disk: /assets/textures/laserGreen.png
20:07:19.886 [JavaFX Application Thread] DEBUG AssetLoader          - Loading from cache: /assets/textures/laserGreen.png
20:07:20.600 [JavaFX Application Thread] DEBUG AssetLoader          - Loading from cache: /assets/textures/laserGreen.png
20:07:20.607 [JavaFX Application Thread] DEBUG AssetLoader          - Loading from cache: /assets/textures/laserGreen.png
20:07:20.617 [JavaFX Application Thread] DEBUG AssetLoader          - Loading from cache: /assets/textures/laserGreen.png
20:07:20.642 [JavaFX Application Thread] DEBUG AssetLoader          - Loading from cache: /assets/textures/laserGreen.png
20:07:20.653 [JavaFX Application Thread] DEBUG AssetLoader          - Loading from cache: /assets/textures/laserGreen.png
20:07:20.665 [JavaFX Application Thread] DEBUG AssetLoader          - Loading from cache: /assets/textures/laserGreen.png
20:07:20.673 [JavaFX Application Thread] DEBUG AssetLoader          - Loading from cache: /assets/textures/laserGreen.png
20:07:20.682 [JavaFX Application Thread] DEBUG AssetLoader          - Loading from cache: /assets/textures/laserGreen.png
20:07:22.101 [JavaFX Application Thread] DEBUG AssetLoader          - Loading from cache: /assets/textures/laserGreen.png
20:07:22.112 [JavaFX Application Thread] DEBUG AssetLoader          - Loading from cache: /assets/textures/laserGreen.png
20:07:22.117 [JavaFX Application Thread] DEBUG AssetLoader          - Loading from cache: /assets/textures/laserGreen.png
20:07:22.124 [JavaFX Application Thread] DEBUG AssetLoader          - Loading from cache: /assets/textures/laserGreen.png
20:07:22.128 [JavaFX Application Thread] DEBUG AssetLoader          - Loading from cache: /assets/textures/laserGreen.png
20:07:22.135 [JavaFX Application Thread] DEBUG AssetLoader          - Loading from cache: /assets/textures/laserGreen.png
20:07:22.142 [JavaFX Application Thread] DEBUG AssetLoader          - Loading from cache: /assets/textures/laserGreen.png
20:07:22.148 [JavaFX Application Thread] DEBUG AssetLoader          - Loading from cache: /assets/textures/laserGreen.png
20:07:22.151 [JavaFX Application Thread] DEBUG AssetLoader          - Loading from cache: /assets/textures/laserGreen.png
20:07:23.678 [JavaFX Application Thread] DEBUG AssetLoader          - Loading from disk: /assets/properties/languages/english.properties
20:07:23.684 [JavaFX Application Thread] DEBUG AssetLoader          - Loading from cache: /assets/ui/fonts/VarelaRound-Regular.ttf
20:07:23.690 [JavaFX Application Thread] DEBUG AssetLoader          - Loading from cache: /assets/ui/fonts/VarelaRound-Regular.ttf
20:07:23.694 [JavaFX Application Thread] DEBUG AssetLoader          - Loading from cache: /assets/properties/languages/english.properties
20:07:23.694 [JavaFX Application Thread] DEBUG AssetLoader          - Loading from cache: /assets/ui/fonts/VarelaRound-Regular.ttf
20:07:23.695 [JavaFX Application Thread] DEBUG AssetLoader          - Loading from cache: /assets/properties/languages/english.properties
20:07:23.698 [JavaFX Application Thread] DEBUG AssetLoader          - Loading from cache: /assets/ui/fonts/VarelaRound-Regular.ttf
20:07:23.700 [JavaFX Application Thread] DEBUG AppStateMachine      - Push state: DialogSubState
20:07:23.700 [JavaFX Application Thread] DEBUG Input                - Clearing active input actions
20:07:23.700 [JavaFX Application Thread] DEBUG AppStateMachine      - PlayState -> DialogSubState
20:07:24.150 [JavaFX Application Thread] DEBUG AssetLoader          - Loading from cache: /assets/sounds/menu/select.wav
20:07:24.359 [JavaFX Application Thread] DEBUG AppStateMachine      - Pop state: DialogSubState
20:07:24.359 [JavaFX Application Thread] DEBUG Input                - Clearing active input actions
20:07:24.360 [JavaFX Application Thread] DEBUG AppStateMachine      - PlayState <- DialogSubState
20:07:24.360 [JavaFX Application Thread] DEBUG FXGL                 - Exiting FXGL
20:07:24.361 [JavaFX Application Thread] DEBUG FXGL                 - Shutting down background threads
20:07:24.362 [JavaFX Application Thread] DEBUG FXGL                 - Saving FXGL system data
20:07:24.367 [JavaFX Application Thread] DEBUG DesktopFSService     - Writing to: system/fxgl.bundle
20:07:24.372 [JavaFX Application Thread] DEBUG FXGL                 - Closing logger and exiting JavaFX
