20:05:07.678 [JavaFX Application Thread] DEBUG GameApplication      - Logger initialized
20:05:07.688 [JavaFX Application Thread] DEBUG GameApplication      - Logging settings
Title: My First Game app
Version: 0.1
Width: 600
Height: 600
Fullscreen: false
Intro: false
Menus: false
Profiling: false
Single step:false
App Mode: DEVELOPER
Menu Key: ESCAPE
Stage Style: DECORATED
Scene Factory: class com.almasb.fxgl.scene.SceneFactory
Dialog Factory: class com.almasb.fxgl.ui.FXGLDialogFactory
UI Factory: class com.almasb.fxgl.ui.FXGLUIFactory
Notification Service: class com.almasb.fxgl.gameplay.notification.XboxNotificationView
Exception Handler: class com.almasb.fxgl.app.FXGLExceptionHandler
20:05:07.688 [JavaFX Application Thread] DEBUG GameApplication      - Starting FXGL
20:05:07.710 [JavaFX Application Thread] INFO  FXGL                 - FXGL-0.5.4 on DESKTOP
20:05:07.711 [JavaFX Application Thread] INFO  FXGL                 - Source code and latest versions at: https://github.com/AlmasB/FXGL
20:05:07.712 [JavaFX Application Thread] INFO  FXGL                 -              Join the FXGL chat at: https://gitter.im/AlmasB/FXGL
20:05:07.712 [JavaFX Application Thread] DEBUG FXGL                 - FXGL started
20:05:07.713 [JavaFX Application Thread] DEBUG FXGL                 - Initializing FXGL
20:05:07.814 [JavaFX Application Thread] DEBUG AssetLoader          - Loading from disk: /assets/ui/cursors/fxgl_default.png
20:05:08.042 [JavaFX Application Thread] DEBUG AssetLoader          - Loading from disk: /assets/ui/fonts/VarelaRound-Regular.ttf
20:05:08.207 [JavaFX Application Thread] DEBUG MainWindow           - Creating a JavaFX scene
20:05:08.283 [JavaFX Application Thread] DEBUG MainWindow           - Target settings size: 600.0 x 600.0
20:05:08.284 [JavaFX Application Thread] DEBUG MainWindow           - Scaled scene size:    600.0 x 600.0
20:05:08.284 [JavaFX Application Thread] DEBUG MainWindow           - Scaled ratio: (1.0, 1.0)
20:05:08.291 [JavaFX Application Thread] DEBUG AssetLoader          - Loading from disk: /assets/ui/css/fxgl_dark.css
20:05:08.300 [JavaFX Application Thread] DEBUG AssetLoader          - Loading from disk: /assets/textures/fxgl_icon.png
20:05:08.359 [JavaFX Application Thread] DEBUG MainWindow           - Opening main window
20:05:08.713 [JavaFX Application Thread] DEBUG MainWindow           - Window border size: (2.0, 25.0)
20:05:08.715 [JavaFX Application Thread] DEBUG MainWindow           - Scaled size: 600.0 x 600.0
20:05:08.716 [JavaFX Application Thread] DEBUG MainWindow           - Scaled ratio: (1.0, 1.0)
20:05:08.718 [JavaFX Application Thread] DEBUG MainWindow           - Scene size: 600.0 x 600.0
20:05:08.722 [JavaFX Application Thread] DEBUG MainWindow           - Stage size: 602.0 x 625.0
20:05:08.857 [ForkJoinPool.commonPool-worker-1] DEBUG FS                   - Loaded DesktopFSService
20:05:08.857 [ForkJoinPool.commonPool-worker-1] DEBUG FXGL                 - Loading FXGL system data
20:05:08.873 [ForkJoinPool.commonPool-worker-1] DEBUG DesktopFSService     - Reading from: system/fxgl.bundle
20:05:08.896 [ForkJoinPool.commonPool-worker-1] DEBUG Bundle               - Logging bundle: FXGL
20:05:08.898 [ForkJoinPool.commonPool-worker-1] DEBUG Bundle               - FXGL.offline.timer.version.check=2019-03-10T17:04:45.363
20:05:08.903 [ForkJoinPool.commonPool-worker-1] DEBUG FXGL                 - Initializing state machine and application states
20:05:08.906 [ForkJoinPool.commonPool-worker-1] DEBUG AssetLoader          - Loading from disk: /assets/ui/cursors/fxgl_default.png
20:05:08.917 [ForkJoinPool.commonPool-worker-1] DEBUG AssetLoader          - Loading from disk: /assets/ui/cursors/fxgl_default.png
20:05:08.939 [ForkJoinPool.commonPool-worker-1] DEBUG AssetLoader          - Loading from cache: /assets/ui/fonts/VarelaRound-Regular.ttf
20:05:08.962 [ForkJoinPool.commonPool-worker-1] DEBUG AssetLoader          - Loading from disk: /assets/ui/cursors/fxgl_default.png
20:05:08.970 [ForkJoinPool.commonPool-worker-1] DEBUG GameScene            - Game scene initialized: 600x600
20:05:09.019 [ForkJoinPool.commonPool-worker-1] DEBUG GameWorld            - Game world initialized
20:05:09.318 [ForkJoinPool.commonPool-worker-1] DEBUG PhysicsWorld         - Physics world initialized: appHeight=600, physics.ppm=50.0
20:05:09.390 [ForkJoinPool.commonPool-worker-1] DEBUG Input                - Registered new binding: Pause - Esc
20:05:09.498 [JavaFX Application Thread] DEBUG FXGL                 - Running preInit()
20:05:09.500 [JavaFX Application Thread] DEBUG Input                - Registered new binding: Screenshot - P
20:05:09.501 [JavaFX Application Thread] DEBUG Input                - Registered new binding: Dev Options - CTRL+0
20:05:09.502 [JavaFX Application Thread] DEBUG Input                - Registered new binding: System info dump - CTRL+9
20:05:09.503 [JavaFX Application Thread] DEBUG Input                - Registered new binding: Restart - CTRL+R
20:05:09.503 [JavaFX Application Thread] DEBUG Input                - Registered new binding: Move Right - D
20:05:09.504 [JavaFX Application Thread] DEBUG Input                - Registered new binding: Move Left - A
20:05:09.504 [JavaFX Application Thread] DEBUG Input                - Registered new binding: Move Up - W
20:05:09.504 [JavaFX Application Thread] DEBUG Input                - Registered new binding: Move Down - S
20:05:09.505 [JavaFX Application Thread] DEBUG Input                - Registered new binding: shoot - Space
20:05:09.506 [JavaFX Application Thread] INFO  FXGL                 - FXGL initialization took: 1.793 sec
20:05:09.507 [JavaFX Application Thread] DEBUG LoopRunner           - Starting loop
20:05:09.510 [JavaFX Application Thread] DEBUG StartupState         - STARTUP
20:05:09.510 [JavaFX Application Thread] DEBUG GameApplication      - Starting new game
20:05:09.511 [JavaFX Application Thread] DEBUG Input                - Clearing active input actions
20:05:09.514 [JavaFX Application Thread] DEBUG AssetLoader          - Loading from disk: /assets/ui/css/fxgl_dark.css
20:05:09.529 [JavaFX Application Thread] DEBUG AppStateMachine      - StartupState -> LoadingState
20:05:09.538 [FXGL Background Thread 1 ] DEBUG InitAppTask          - Clearing previous game
20:05:09.538 [FXGL Background Thread 1 ] DEBUG GameWorld            - Clearing game world
20:05:09.539 [FXGL Background Thread 1 ] DEBUG PhysicsWorld         - Clearing physics world
20:05:09.539 [FXGL Background Thread 1 ] DEBUG GameScene            - Clearing game scene
20:05:09.542 [FXGL Background Thread 1 ] DEBUG InitAppTask          - Initializing Game
20:05:09.738 [FXGL Background Thread 1 ] DEBUG GameScene            - Creating render group for layer: DEFAULT(100000)
20:05:09.747 [FXGL Background Thread 1 ] DEBUG AssetLoader          - Loading from disk: /assets/textures/player.png
20:05:09.757 [FXGL Background Thread 1 ] DEBUG AssetLoader          - Loading from disk: /assets/textures/enemyShip.png
20:05:09.759 [FXGL Background Thread 1 ] DEBUG InitAppTask          - Initializing Physics
20:05:09.760 [FXGL Background Thread 1 ] DEBUG InitAppTask          - Initializing UI
20:05:09.760 [FXGL Background Thread 1 ] DEBUG InitAppTask          - Initialization Complete
20:05:09.761 [FXGL Background Thread 1 ] INFO  InitAppTask          - Game initialization took: 0.223 sec
20:05:09.769 [JavaFX Application Thread] DEBUG Input                - Clearing active input actions
20:05:09.769 [JavaFX Application Thread] DEBUG AssetLoader          - Loading from disk: /assets/ui/css/fxgl_dark.css
20:05:09.782 [JavaFX Application Thread] DEBUG AppStateMachine      - LoadingState -> PlayState
20:05:10.251 [JavaFX Application Thread] DEBUG AssetLoader          - Loading from disk: /assets/textures/laserGreen.png
20:05:10.261 [JavaFX Application Thread] DEBUG AssetLoader          - Loading from cache: /assets/textures/laserGreen.png
20:05:10.268 [JavaFX Application Thread] DEBUG AssetLoader          - Loading from cache: /assets/textures/laserGreen.png
20:05:10.275 [JavaFX Application Thread] DEBUG AssetLoader          - Loading from cache: /assets/textures/laserGreen.png
20:05:10.283 [JavaFX Application Thread] DEBUG AssetLoader          - Loading from cache: /assets/textures/laserGreen.png
20:05:10.291 [JavaFX Application Thread] DEBUG AssetLoader          - Loading from cache: /assets/textures/laserGreen.png
20:05:10.298 [JavaFX Application Thread] DEBUG AssetLoader          - Loading from cache: /assets/textures/laserGreen.png
20:05:10.302 [JavaFX Application Thread] DEBUG AssetLoader          - Loading from cache: /assets/textures/laserGreen.png
20:05:10.311 [JavaFX Application Thread] DEBUG AssetLoader          - Loading from cache: /assets/textures/laserGreen.png
20:05:10.318 [JavaFX Application Thread] DEBUG AssetLoader          - Loading from cache: /assets/textures/laserGreen.png
20:05:10.327 [JavaFX Application Thread] DEBUG AssetLoader          - Loading from cache: /assets/textures/laserGreen.png
20:05:10.336 [JavaFX Application Thread] DEBUG AssetLoader          - Loading from cache: /assets/textures/laserGreen.png
20:05:10.343 [JavaFX Application Thread] DEBUG AssetLoader          - Loading from cache: /assets/textures/laserGreen.png
20:05:10.351 [JavaFX Application Thread] DEBUG AssetLoader          - Loading from cache: /assets/textures/laserGreen.png
20:05:10.356 [JavaFX Application Thread] DEBUG AssetLoader          - Loading from cache: /assets/textures/laserGreen.png
20:05:10.366 [JavaFX Application Thread] DEBUG AssetLoader          - Loading from cache: /assets/textures/laserGreen.png
20:05:10.371 [JavaFX Application Thread] DEBUG AssetLoader          - Loading from cache: /assets/textures/laserGreen.png
20:05:10.381 [JavaFX Application Thread] DEBUG AssetLoader          - Loading from cache: /assets/textures/laserGreen.png
20:05:10.387 [JavaFX Application Thread] DEBUG AssetLoader          - Loading from cache: /assets/textures/laserGreen.png
20:05:10.396 [JavaFX Application Thread] DEBUG AssetLoader          - Loading from cache: /assets/textures/laserGreen.png
20:05:11.172 [JavaFX Application Thread] DEBUG AssetLoader          - Loading from cache: /assets/textures/laserGreen.png
20:05:11.181 [JavaFX Application Thread] DEBUG AssetLoader          - Loading from cache: /assets/textures/laserGreen.png
20:05:11.188 [JavaFX Application Thread] DEBUG AssetLoader          - Loading from cache: /assets/textures/laserGreen.png
20:05:11.196 [JavaFX Application Thread] DEBUG AssetLoader          - Loading from cache: /assets/textures/laserGreen.png
20:05:11.203 [JavaFX Application Thread] DEBUG AssetLoader          - Loading from cache: /assets/textures/laserGreen.png
20:05:11.207 [JavaFX Application Thread] DEBUG AssetLoader          - Loading from cache: /assets/textures/laserGreen.png
20:05:11.216 [JavaFX Application Thread] DEBUG AssetLoader          - Loading from cache: /assets/textures/laserGreen.png
20:05:11.223 [JavaFX Application Thread] DEBUG AssetLoader          - Loading from cache: /assets/textures/laserGreen.png
20:05:11.230 [JavaFX Application Thread] DEBUG AssetLoader          - Loading from cache: /assets/textures/laserGreen.png
20:05:11.236 [JavaFX Application Thread] DEBUG AssetLoader          - Loading from cache: /assets/textures/laserGreen.png
20:05:11.240 [JavaFX Application Thread] DEBUG AssetLoader          - Loading from cache: /assets/textures/laserGreen.png
20:05:11.248 [JavaFX Application Thread] DEBUG AssetLoader          - Loading from cache: /assets/textures/laserGreen.png
20:05:11.254 [JavaFX Application Thread] DEBUG AssetLoader          - Loading from cache: /assets/textures/laserGreen.png
20:05:11.257 [JavaFX Application Thread] DEBUG AssetLoader          - Loading from cache: /assets/textures/laserGreen.png
20:05:11.265 [JavaFX Application Thread] DEBUG AssetLoader          - Loading from cache: /assets/textures/laserGreen.png
20:05:11.272 [JavaFX Application Thread] DEBUG AssetLoader          - Loading from cache: /assets/textures/laserGreen.png
20:05:11.275 [JavaFX Application Thread] DEBUG AssetLoader          - Loading from cache: /assets/textures/laserGreen.png
20:05:11.282 [JavaFX Application Thread] DEBUG AssetLoader          - Loading from cache: /assets/textures/laserGreen.png
20:05:11.288 [JavaFX Application Thread] DEBUG AssetLoader          - Loading from cache: /assets/textures/laserGreen.png
20:05:11.292 [JavaFX Application Thread] DEBUG AssetLoader          - Loading from cache: /assets/textures/laserGreen.png
20:05:11.302 [JavaFX Application Thread] DEBUG AssetLoader          - Loading from cache: /assets/textures/laserGreen.png
20:05:11.308 [JavaFX Application Thread] DEBUG AssetLoader          - Loading from cache: /assets/textures/laserGreen.png
20:05:12.972 [JavaFX Application Thread] DEBUG AssetLoader          - Loading from cache: /assets/textures/laserGreen.png
20:05:12.978 [JavaFX Application Thread] DEBUG AssetLoader          - Loading from cache: /assets/textures/laserGreen.png
20:05:12.981 [JavaFX Application Thread] DEBUG AssetLoader          - Loading from cache: /assets/textures/laserGreen.png
20:05:12.989 [JavaFX Application Thread] DEBUG AssetLoader          - Loading from cache: /assets/textures/laserGreen.png
20:05:12.996 [JavaFX Application Thread] DEBUG AssetLoader          - Loading from cache: /assets/textures/laserGreen.png
20:05:12.999 [JavaFX Application Thread] DEBUG AssetLoader          - Loading from cache: /assets/textures/laserGreen.png
20:05:13.006 [JavaFX Application Thread] DEBUG AssetLoader          - Loading from cache: /assets/textures/laserGreen.png
20:05:13.011 [JavaFX Application Thread] DEBUG AssetLoader          - Loading from cache: /assets/textures/laserGreen.png
20:05:13.015 [JavaFX Application Thread] DEBUG AssetLoader          - Loading from cache: /assets/textures/laserGreen.png
20:05:13.021 [JavaFX Application Thread] DEBUG AssetLoader          - Loading from cache: /assets/textures/laserGreen.png
20:05:13.028 [JavaFX Application Thread] DEBUG AssetLoader          - Loading from cache: /assets/textures/laserGreen.png
20:05:13.031 [JavaFX Application Thread] DEBUG AssetLoader          - Loading from cache: /assets/textures/laserGreen.png
20:05:13.038 [JavaFX Application Thread] DEBUG AssetLoader          - Loading from cache: /assets/textures/laserGreen.png
20:05:13.045 [JavaFX Application Thread] DEBUG AssetLoader          - Loading from cache: /assets/textures/laserGreen.png
20:05:13.048 [JavaFX Application Thread] DEBUG AssetLoader          - Loading from cache: /assets/textures/laserGreen.png
20:05:13.059 [JavaFX Application Thread] DEBUG AssetLoader          - Loading from cache: /assets/textures/laserGreen.png
20:05:13.063 [JavaFX Application Thread] DEBUG AssetLoader          - Loading from cache: /assets/textures/laserGreen.png
20:05:13.070 [JavaFX Application Thread] DEBUG AssetLoader          - Loading from cache: /assets/textures/laserGreen.png
20:05:13.078 [JavaFX Application Thread] DEBUG AssetLoader          - Loading from cache: /assets/textures/laserGreen.png
20:05:13.080 [JavaFX Application Thread] DEBUG AssetLoader          - Loading from cache: /assets/textures/laserGreen.png
20:05:13.089 [JavaFX Application Thread] DEBUG AssetLoader          - Loading from cache: /assets/textures/laserGreen.png
20:05:13.096 [JavaFX Application Thread] DEBUG AssetLoader          - Loading from cache: /assets/textures/laserGreen.png
20:05:13.102 [JavaFX Application Thread] DEBUG AssetLoader          - Loading from cache: /assets/textures/laserGreen.png
20:05:13.107 [JavaFX Application Thread] DEBUG AssetLoader          - Loading from cache: /assets/textures/laserGreen.png
20:05:13.113 [JavaFX Application Thread] DEBUG AssetLoader          - Loading from cache: /assets/textures/laserGreen.png
20:05:13.118 [JavaFX Application Thread] DEBUG AssetLoader          - Loading from cache: /assets/textures/laserGreen.png
20:05:13.122 [JavaFX Application Thread] DEBUG AssetLoader          - Loading from cache: /assets/textures/laserGreen.png
20:05:13.128 [JavaFX Application Thread] DEBUG AssetLoader          - Loading from cache: /assets/textures/laserGreen.png
20:05:13.131 [JavaFX Application Thread] DEBUG AssetLoader          - Loading from cache: /assets/textures/laserGreen.png
20:05:13.139 [JavaFX Application Thread] DEBUG AssetLoader          - Loading from cache: /assets/textures/laserGreen.png
20:05:13.146 [JavaFX Application Thread] DEBUG AssetLoader          - Loading from cache: /assets/textures/laserGreen.png
20:05:13.148 [JavaFX Application Thread] DEBUG AssetLoader          - Loading from cache: /assets/textures/laserGreen.png
20:05:13.158 [JavaFX Application Thread] DEBUG AssetLoader          - Loading from cache: /assets/textures/laserGreen.png
20:05:13.164 [JavaFX Application Thread] DEBUG AssetLoader          - Loading from cache: /assets/textures/laserGreen.png
20:05:13.172 [JavaFX Application Thread] DEBUG AssetLoader          - Loading from cache: /assets/textures/laserGreen.png
20:05:13.177 [JavaFX Application Thread] DEBUG AssetLoader          - Loading from cache: /assets/textures/laserGreen.png
20:05:13.181 [JavaFX Application Thread] DEBUG AssetLoader          - Loading from cache: /assets/textures/laserGreen.png
20:05:13.188 [JavaFX Application Thread] DEBUG AssetLoader          - Loading from cache: /assets/textures/laserGreen.png
20:05:13.193 [JavaFX Application Thread] DEBUG AssetLoader          - Loading from cache: /assets/textures/laserGreen.png
20:05:13.198 [JavaFX Application Thread] DEBUG AssetLoader          - Loading from cache: /assets/textures/laserGreen.png
20:05:13.206 [JavaFX Application Thread] DEBUG AssetLoader          - Loading from cache: /assets/textures/laserGreen.png
20:05:13.213 [JavaFX Application Thread] DEBUG AssetLoader          - Loading from cache: /assets/textures/laserGreen.png
20:05:13.216 [JavaFX Application Thread] DEBUG AssetLoader          - Loading from cache: /assets/textures/laserGreen.png
20:05:13.224 [JavaFX Application Thread] DEBUG AssetLoader          - Loading from cache: /assets/textures/laserGreen.png
20:05:13.230 [JavaFX Application Thread] DEBUG AssetLoader          - Loading from cache: /assets/textures/laserGreen.png
20:05:13.232 [JavaFX Application Thread] DEBUG AssetLoader          - Loading from cache: /assets/textures/laserGreen.png
20:05:13.240 [JavaFX Application Thread] DEBUG AssetLoader          - Loading from cache: /assets/textures/laserGreen.png
20:05:13.245 [JavaFX Application Thread] DEBUG AssetLoader          - Loading from cache: /assets/textures/laserGreen.png
20:05:13.248 [JavaFX Application Thread] DEBUG AssetLoader          - Loading from cache: /assets/textures/laserGreen.png
20:05:13.258 [JavaFX Application Thread] DEBUG AssetLoader          - Loading from cache: /assets/textures/laserGreen.png
20:05:13.265 [JavaFX Application Thread] DEBUG AssetLoader          - Loading from cache: /assets/textures/laserGreen.png
20:05:13.273 [JavaFX Application Thread] DEBUG AssetLoader          - Loading from cache: /assets/textures/laserGreen.png
20:05:13.279 [JavaFX Application Thread] DEBUG AssetLoader          - Loading from cache: /assets/textures/laserGreen.png
20:05:13.282 [JavaFX Application Thread] DEBUG AssetLoader          - Loading from cache: /assets/textures/laserGreen.png
20:05:13.291 [JavaFX Application Thread] DEBUG AssetLoader          - Loading from cache: /assets/textures/laserGreen.png
20:05:13.298 [JavaFX Application Thread] DEBUG AssetLoader          - Loading from cache: /assets/textures/laserGreen.png
20:05:13.305 [JavaFX Application Thread] DEBUG AssetLoader          - Loading from cache: /assets/textures/laserGreen.png
20:05:13.313 [JavaFX Application Thread] DEBUG AssetLoader          - Loading from cache: /assets/textures/laserGreen.png
20:05:13.317 [JavaFX Application Thread] DEBUG AssetLoader          - Loading from cache: /assets/textures/laserGreen.png
20:05:13.325 [JavaFX Application Thread] DEBUG AssetLoader          - Loading from cache: /assets/textures/laserGreen.png
20:05:13.332 [JavaFX Application Thread] DEBUG AssetLoader          - Loading from cache: /assets/textures/laserGreen.png
20:05:13.338 [JavaFX Application Thread] DEBUG AssetLoader          - Loading from cache: /assets/textures/laserGreen.png
20:05:13.344 [JavaFX Application Thread] DEBUG AssetLoader          - Loading from cache: /assets/textures/laserGreen.png
20:05:13.351 [JavaFX Application Thread] DEBUG AssetLoader          - Loading from cache: /assets/textures/laserGreen.png
20:05:13.358 [JavaFX Application Thread] DEBUG AssetLoader          - Loading from cache: /assets/textures/laserGreen.png
20:05:13.363 [JavaFX Application Thread] DEBUG AssetLoader          - Loading from cache: /assets/textures/laserGreen.png
20:05:13.367 [JavaFX Application Thread] DEBUG AssetLoader          - Loading from cache: /assets/textures/laserGreen.png
20:05:13.374 [JavaFX Application Thread] DEBUG AssetLoader          - Loading from cache: /assets/textures/laserGreen.png
20:05:13.380 [JavaFX Application Thread] DEBUG AssetLoader          - Loading from cache: /assets/textures/laserGreen.png
20:05:13.384 [JavaFX Application Thread] DEBUG AssetLoader          - Loading from cache: /assets/textures/laserGreen.png
20:05:13.393 [JavaFX Application Thread] DEBUG AssetLoader          - Loading from cache: /assets/textures/laserGreen.png
20:05:13.399 [JavaFX Application Thread] DEBUG AssetLoader          - Loading from cache: /assets/textures/laserGreen.png
20:05:13.406 [JavaFX Application Thread] DEBUG AssetLoader          - Loading from cache: /assets/textures/laserGreen.png
20:05:13.414 [JavaFX Application Thread] DEBUG AssetLoader          - Loading from cache: /assets/textures/laserGreen.png
20:05:13.419 [JavaFX Application Thread] DEBUG AssetLoader          - Loading from cache: /assets/textures/laserGreen.png
20:05:13.427 [JavaFX Application Thread] DEBUG AssetLoader          - Loading from cache: /assets/textures/laserGreen.png
20:05:13.433 [JavaFX Application Thread] DEBUG AssetLoader          - Loading from cache: /assets/textures/laserGreen.png
20:05:13.436 [JavaFX Application Thread] DEBUG AssetLoader          - Loading from cache: /assets/textures/laserGreen.png
20:05:13.448 [JavaFX Application Thread] DEBUG AssetLoader          - Loading from cache: /assets/textures/laserGreen.png
20:05:13.453 [JavaFX Application Thread] DEBUG AssetLoader          - Loading from cache: /assets/textures/laserGreen.png
20:05:13.459 [JavaFX Application Thread] DEBUG AssetLoader          - Loading from cache: /assets/textures/laserGreen.png
20:05:13.467 [JavaFX Application Thread] DEBUG AssetLoader          - Loading from cache: /assets/textures/laserGreen.png
20:05:13.474 [JavaFX Application Thread] DEBUG AssetLoader          - Loading from cache: /assets/textures/laserGreen.png
20:05:13.485 [JavaFX Application Thread] DEBUG AssetLoader          - Loading from cache: /assets/textures/laserGreen.png
20:05:13.492 [JavaFX Application Thread] DEBUG AssetLoader          - Loading from cache: /assets/textures/laserGreen.png
20:05:13.498 [JavaFX Application Thread] DEBUG AssetLoader          - Loading from cache: /assets/textures/laserGreen.png
20:05:13.504 [JavaFX Application Thread] DEBUG AssetLoader          - Loading from cache: /assets/textures/laserGreen.png
20:05:13.508 [JavaFX Application Thread] DEBUG AssetLoader          - Loading from cache: /assets/textures/laserGreen.png
20:05:13.517 [JavaFX Application Thread] DEBUG AssetLoader          - Loading from cache: /assets/textures/laserGreen.png
20:05:13.522 [JavaFX Application Thread] DEBUG AssetLoader          - Loading from cache: /assets/textures/laserGreen.png
20:05:13.525 [JavaFX Application Thread] DEBUG AssetLoader          - Loading from cache: /assets/textures/laserGreen.png
20:05:13.531 [JavaFX Application Thread] DEBUG AssetLoader          - Loading from cache: /assets/textures/laserGreen.png
20:05:13.537 [JavaFX Application Thread] DEBUG AssetLoader          - Loading from cache: /assets/textures/laserGreen.png
20:05:13.542 [JavaFX Application Thread] DEBUG AssetLoader          - Loading from cache: /assets/textures/laserGreen.png
20:05:13.550 [JavaFX Application Thread] DEBUG AssetLoader          - Loading from cache: /assets/textures/laserGreen.png
20:05:13.555 [JavaFX Application Thread] DEBUG AssetLoader          - Loading from cache: /assets/textures/laserGreen.png
20:05:13.559 [JavaFX Application Thread] DEBUG AssetLoader          - Loading from cache: /assets/textures/laserGreen.png
20:05:13.567 [JavaFX Application Thread] DEBUG AssetLoader          - Loading from cache: /assets/textures/laserGreen.png
20:05:13.574 [JavaFX Application Thread] DEBUG AssetLoader          - Loading from cache: /assets/textures/laserGreen.png
20:05:13.578 [JavaFX Application Thread] DEBUG AssetLoader          - Loading from cache: /assets/textures/laserGreen.png
20:05:13.586 [JavaFX Application Thread] DEBUG AssetLoader          - Loading from cache: /assets/textures/laserGreen.png
20:05:13.593 [JavaFX Application Thread] DEBUG AssetLoader          - Loading from cache: /assets/textures/laserGreen.png
20:05:13.602 [JavaFX Application Thread] DEBUG AssetLoader          - Loading from cache: /assets/textures/laserGreen.png
20:05:13.608 [JavaFX Application Thread] DEBUG AssetLoader          - Loading from cache: /assets/textures/laserGreen.png
20:05:13.612 [JavaFX Application Thread] DEBUG AssetLoader          - Loading from cache: /assets/textures/laserGreen.png
20:05:13.620 [JavaFX Application Thread] DEBUG AssetLoader          - Loading from cache: /assets/textures/laserGreen.png
20:05:13.626 [JavaFX Application Thread] DEBUG AssetLoader          - Loading from cache: /assets/textures/laserGreen.png
20:05:13.629 [JavaFX Application Thread] DEBUG AssetLoader          - Loading from cache: /assets/textures/laserGreen.png
20:05:13.638 [JavaFX Application Thread] DEBUG AssetLoader          - Loading from cache: /assets/textures/laserGreen.png
20:05:13.645 [JavaFX Application Thread] DEBUG AssetLoader          - Loading from cache: /assets/textures/laserGreen.png
20:05:13.646 [JavaFX Application Thread] DEBUG AssetLoader          - Loading from cache: /assets/textures/laserGreen.png
20:05:13.653 [JavaFX Application Thread] DEBUG AssetLoader          - Loading from cache: /assets/textures/laserGreen.png
20:05:13.658 [JavaFX Application Thread] DEBUG AssetLoader          - Loading from cache: /assets/textures/laserGreen.png
20:05:13.664 [JavaFX Application Thread] DEBUG AssetLoader          - Loading from cache: /assets/textures/laserGreen.png
20:05:13.670 [JavaFX Application Thread] DEBUG AssetLoader          - Loading from cache: /assets/textures/laserGreen.png
20:05:13.676 [JavaFX Application Thread] DEBUG AssetLoader          - Loading from cache: /assets/textures/laserGreen.png
20:05:13.680 [JavaFX Application Thread] DEBUG AssetLoader          - Loading from cache: /assets/textures/laserGreen.png
20:05:13.687 [JavaFX Application Thread] DEBUG AssetLoader          - Loading from cache: /assets/textures/laserGreen.png
20:05:13.692 [JavaFX Application Thread] DEBUG AssetLoader          - Loading from cache: /assets/textures/laserGreen.png
20:05:13.697 [JavaFX Application Thread] DEBUG AssetLoader          - Loading from cache: /assets/textures/laserGreen.png
20:05:13.704 [JavaFX Application Thread] DEBUG AssetLoader          - Loading from cache: /assets/textures/laserGreen.png
20:05:13.709 [JavaFX Application Thread] DEBUG AssetLoader          - Loading from cache: /assets/textures/laserGreen.png
20:05:13.714 [JavaFX Application Thread] DEBUG AssetLoader          - Loading from cache: /assets/textures/laserGreen.png
20:05:13.721 [JavaFX Application Thread] DEBUG AssetLoader          - Loading from cache: /assets/textures/laserGreen.png
20:05:13.726 [JavaFX Application Thread] DEBUG AssetLoader          - Loading from cache: /assets/textures/laserGreen.png
20:05:13.731 [JavaFX Application Thread] DEBUG AssetLoader          - Loading from cache: /assets/textures/laserGreen.png
20:05:13.739 [JavaFX Application Thread] DEBUG AssetLoader          - Loading from cache: /assets/textures/laserGreen.png
20:05:13.745 [JavaFX Application Thread] DEBUG AssetLoader          - Loading from cache: /assets/textures/laserGreen.png
20:05:13.747 [JavaFX Application Thread] DEBUG AssetLoader          - Loading from cache: /assets/textures/laserGreen.png
20:05:13.754 [JavaFX Application Thread] DEBUG AssetLoader          - Loading from cache: /assets/textures/laserGreen.png
20:05:13.759 [JavaFX Application Thread] DEBUG AssetLoader          - Loading from cache: /assets/textures/laserGreen.png
20:05:13.764 [JavaFX Application Thread] DEBUG AssetLoader          - Loading from cache: /assets/textures/laserGreen.png
20:05:13.769 [JavaFX Application Thread] DEBUG AssetLoader          - Loading from cache: /assets/textures/laserGreen.png
20:05:13.776 [JavaFX Application Thread] DEBUG AssetLoader          - Loading from cache: /assets/textures/laserGreen.png
20:05:13.781 [JavaFX Application Thread] DEBUG AssetLoader          - Loading from cache: /assets/textures/laserGreen.png
20:05:13.787 [JavaFX Application Thread] DEBUG AssetLoader          - Loading from cache: /assets/textures/laserGreen.png
20:05:13.792 [JavaFX Application Thread] DEBUG AssetLoader          - Loading from cache: /assets/textures/laserGreen.png
20:05:13.797 [JavaFX Application Thread] DEBUG AssetLoader          - Loading from cache: /assets/textures/laserGreen.png
20:05:13.802 [JavaFX Application Thread] DEBUG AssetLoader          - Loading from cache: /assets/textures/laserGreen.png
20:05:13.807 [JavaFX Application Thread] DEBUG AssetLoader          - Loading from cache: /assets/textures/laserGreen.png
20:05:13.814 [JavaFX Application Thread] DEBUG AssetLoader          - Loading from cache: /assets/textures/laserGreen.png
20:05:13.821 [JavaFX Application Thread] DEBUG AssetLoader          - Loading from cache: /assets/textures/laserGreen.png
20:05:13.829 [JavaFX Application Thread] DEBUG AssetLoader          - Loading from cache: /assets/textures/laserGreen.png
20:05:13.831 [JavaFX Application Thread] DEBUG AssetLoader          - Loading from cache: /assets/textures/laserGreen.png
20:05:13.840 [JavaFX Application Thread] DEBUG AssetLoader          - Loading from cache: /assets/textures/laserGreen.png
20:05:13.847 [JavaFX Application Thread] DEBUG AssetLoader          - Loading from cache: /assets/textures/laserGreen.png
20:05:13.850 [JavaFX Application Thread] DEBUG AssetLoader          - Loading from cache: /assets/textures/laserGreen.png
20:05:13.861 [JavaFX Application Thread] DEBUG AssetLoader          - Loading from cache: /assets/textures/laserGreen.png
20:05:13.867 [JavaFX Application Thread] DEBUG AssetLoader          - Loading from cache: /assets/textures/laserGreen.png
20:05:13.872 [JavaFX Application Thread] DEBUG AssetLoader          - Loading from cache: /assets/textures/laserGreen.png
20:05:13.878 [JavaFX Application Thread] DEBUG AssetLoader          - Loading from cache: /assets/textures/laserGreen.png
20:05:13.883 [JavaFX Application Thread] DEBUG AssetLoader          - Loading from cache: /assets/textures/laserGreen.png
20:05:13.888 [JavaFX Application Thread] DEBUG AssetLoader          - Loading from cache: /assets/textures/laserGreen.png
20:05:13.892 [JavaFX Application Thread] DEBUG AssetLoader          - Loading from cache: /assets/textures/laserGreen.png
20:05:13.898 [JavaFX Application Thread] DEBUG AssetLoader          - Loading from cache: /assets/textures/laserGreen.png
20:05:13.900 [JavaFX Application Thread] DEBUG AssetLoader          - Loading from cache: /assets/textures/laserGreen.png
20:05:13.908 [JavaFX Application Thread] DEBUG AssetLoader          - Loading from cache: /assets/textures/laserGreen.png
20:05:13.915 [JavaFX Application Thread] DEBUG AssetLoader          - Loading from cache: /assets/textures/laserGreen.png
20:05:13.917 [JavaFX Application Thread] DEBUG AssetLoader          - Loading from cache: /assets/textures/laserGreen.png
20:05:13.924 [JavaFX Application Thread] DEBUG AssetLoader          - Loading from cache: /assets/textures/laserGreen.png
20:05:13.929 [JavaFX Application Thread] DEBUG AssetLoader          - Loading from cache: /assets/textures/laserGreen.png
20:05:13.934 [JavaFX Application Thread] DEBUG AssetLoader          - Loading from cache: /assets/textures/laserGreen.png
20:05:13.939 [JavaFX Application Thread] DEBUG AssetLoader          - Loading from cache: /assets/textures/laserGreen.png
20:05:13.945 [JavaFX Application Thread] DEBUG AssetLoader          - Loading from cache: /assets/textures/laserGreen.png
20:05:13.951 [JavaFX Application Thread] DEBUG AssetLoader          - Loading from cache: /assets/textures/laserGreen.png
20:05:13.956 [JavaFX Application Thread] DEBUG AssetLoader          - Loading from cache: /assets/textures/laserGreen.png
20:05:13.962 [JavaFX Application Thread] DEBUG AssetLoader          - Loading from cache: /assets/textures/laserGreen.png
20:05:13.967 [JavaFX Application Thread] DEBUG AssetLoader          - Loading from cache: /assets/textures/laserGreen.png
20:05:13.972 [JavaFX Application Thread] DEBUG AssetLoader          - Loading from cache: /assets/textures/laserGreen.png
20:05:13.978 [JavaFX Application Thread] DEBUG AssetLoader          - Loading from cache: /assets/textures/laserGreen.png
20:05:13.984 [JavaFX Application Thread] DEBUG AssetLoader          - Loading from cache: /assets/textures/laserGreen.png
20:05:13.988 [JavaFX Application Thread] DEBUG AssetLoader          - Loading from cache: /assets/textures/laserGreen.png
20:05:13.992 [JavaFX Application Thread] DEBUG AssetLoader          - Loading from cache: /assets/textures/laserGreen.png
20:05:13.998 [JavaFX Application Thread] DEBUG AssetLoader          - Loading from cache: /assets/textures/laserGreen.png
20:05:14.001 [JavaFX Application Thread] DEBUG AssetLoader          - Loading from cache: /assets/textures/laserGreen.png
20:05:14.009 [JavaFX Application Thread] DEBUG AssetLoader          - Loading from cache: /assets/textures/laserGreen.png
20:05:14.015 [JavaFX Application Thread] DEBUG AssetLoader          - Loading from cache: /assets/textures/laserGreen.png
20:05:14.017 [JavaFX Application Thread] DEBUG AssetLoader          - Loading from cache: /assets/textures/laserGreen.png
20:05:14.024 [JavaFX Application Thread] DEBUG AssetLoader          - Loading from cache: /assets/textures/laserGreen.png
20:05:14.029 [JavaFX Application Thread] DEBUG AssetLoader          - Loading from cache: /assets/textures/laserGreen.png
20:05:14.034 [JavaFX Application Thread] DEBUG AssetLoader          - Loading from cache: /assets/textures/laserGreen.png
20:05:14.039 [JavaFX Application Thread] DEBUG AssetLoader          - Loading from cache: /assets/textures/laserGreen.png
20:05:14.045 [JavaFX Application Thread] DEBUG AssetLoader          - Loading from cache: /assets/textures/laserGreen.png
20:05:14.051 [JavaFX Application Thread] DEBUG AssetLoader          - Loading from cache: /assets/textures/laserGreen.png
20:05:14.057 [JavaFX Application Thread] DEBUG AssetLoader          - Loading from cache: /assets/textures/laserGreen.png
20:05:14.063 [JavaFX Application Thread] DEBUG AssetLoader          - Loading from cache: /assets/textures/laserGreen.png
20:05:14.068 [JavaFX Application Thread] DEBUG AssetLoader          - Loading from cache: /assets/textures/laserGreen.png
20:05:14.074 [JavaFX Application Thread] DEBUG AssetLoader          - Loading from cache: /assets/textures/laserGreen.png
20:05:14.080 [JavaFX Application Thread] DEBUG AssetLoader          - Loading from cache: /assets/textures/laserGreen.png
20:05:14.084 [JavaFX Application Thread] DEBUG AssetLoader          - Loading from cache: /assets/textures/laserGreen.png
20:05:14.089 [JavaFX Application Thread] DEBUG AssetLoader          - Loading from cache: /assets/textures/laserGreen.png
20:05:14.096 [JavaFX Application Thread] DEBUG AssetLoader          - Loading from cache: /assets/textures/laserGreen.png
20:05:14.100 [JavaFX Application Thread] DEBUG AssetLoader          - Loading from cache: /assets/textures/laserGreen.png
20:05:14.105 [JavaFX Application Thread] DEBUG AssetLoader          - Loading from cache: /assets/textures/laserGreen.png
20:05:14.112 [JavaFX Application Thread] DEBUG AssetLoader          - Loading from cache: /assets/textures/laserGreen.png
20:05:14.117 [JavaFX Application Thread] DEBUG AssetLoader          - Loading from cache: /assets/textures/laserGreen.png
20:05:14.124 [JavaFX Application Thread] DEBUG AssetLoader          - Loading from cache: /assets/textures/laserGreen.png
20:05:14.130 [JavaFX Application Thread] DEBUG AssetLoader          - Loading from cache: /assets/textures/laserGreen.png
20:05:14.133 [JavaFX Application Thread] DEBUG AssetLoader          - Loading from cache: /assets/textures/laserGreen.png
20:05:14.141 [JavaFX Application Thread] DEBUG AssetLoader          - Loading from cache: /assets/textures/laserGreen.png
20:05:14.147 [JavaFX Application Thread] DEBUG AssetLoader          - Loading from cache: /assets/textures/laserGreen.png
20:05:14.149 [JavaFX Application Thread] DEBUG AssetLoader          - Loading from cache: /assets/textures/laserGreen.png
20:05:14.157 [JavaFX Application Thread] DEBUG AssetLoader          - Loading from cache: /assets/textures/laserGreen.png
20:05:14.162 [JavaFX Application Thread] DEBUG AssetLoader          - Loading from cache: /assets/textures/laserGreen.png
20:05:14.166 [JavaFX Application Thread] DEBUG AssetLoader          - Loading from cache: /assets/textures/laserGreen.png
20:05:14.172 [JavaFX Application Thread] DEBUG AssetLoader          - Loading from cache: /assets/textures/laserGreen.png
20:05:14.178 [JavaFX Application Thread] DEBUG AssetLoader          - Loading from cache: /assets/textures/laserGreen.png
20:05:14.183 [JavaFX Application Thread] DEBUG AssetLoader          - Loading from cache: /assets/textures/laserGreen.png
20:05:14.190 [JavaFX Application Thread] DEBUG AssetLoader          - Loading from cache: /assets/textures/laserGreen.png
20:05:14.196 [JavaFX Application Thread] DEBUG AssetLoader          - Loading from cache: /assets/textures/laserGreen.png
20:05:14.199 [JavaFX Application Thread] DEBUG AssetLoader          - Loading from cache: /assets/textures/laserGreen.png
20:05:14.206 [JavaFX Application Thread] DEBUG AssetLoader          - Loading from cache: /assets/textures/laserGreen.png
20:05:14.212 [JavaFX Application Thread] DEBUG AssetLoader          - Loading from cache: /assets/textures/laserGreen.png
20:05:14.216 [JavaFX Application Thread] DEBUG AssetLoader          - Loading from cache: /assets/textures/laserGreen.png
20:05:14.221 [JavaFX Application Thread] DEBUG AssetLoader          - Loading from cache: /assets/textures/laserGreen.png
20:05:14.225 [JavaFX Application Thread] DEBUG AssetLoader          - Loading from cache: /assets/textures/laserGreen.png
20:05:14.231 [JavaFX Application Thread] DEBUG AssetLoader          - Loading from cache: /assets/textures/laserGreen.png
20:05:14.232 [JavaFX Application Thread] DEBUG AssetLoader          - Loading from cache: /assets/textures/laserGreen.png
20:05:14.240 [JavaFX Application Thread] DEBUG AssetLoader          - Loading from cache: /assets/textures/laserGreen.png
20:05:14.245 [JavaFX Application Thread] DEBUG AssetLoader          - Loading from cache: /assets/textures/laserGreen.png
20:05:14.249 [JavaFX Application Thread] DEBUG AssetLoader          - Loading from cache: /assets/textures/laserGreen.png
20:05:14.254 [JavaFX Application Thread] DEBUG AssetLoader          - Loading from cache: /assets/textures/laserGreen.png
20:05:14.260 [JavaFX Application Thread] DEBUG AssetLoader          - Loading from cache: /assets/textures/laserGreen.png
20:05:14.266 [JavaFX Application Thread] DEBUG AssetLoader          - Loading from cache: /assets/textures/laserGreen.png
20:05:14.271 [JavaFX Application Thread] DEBUG AssetLoader          - Loading from cache: /assets/textures/laserGreen.png
20:05:14.278 [JavaFX Application Thread] DEBUG AssetLoader          - Loading from cache: /assets/textures/laserGreen.png
20:05:14.283 [JavaFX Application Thread] DEBUG AssetLoader          - Loading from cache: /assets/textures/laserGreen.png
20:05:14.288 [JavaFX Application Thread] DEBUG AssetLoader          - Loading from cache: /assets/textures/laserGreen.png
20:05:14.295 [JavaFX Application Thread] DEBUG AssetLoader          - Loading from cache: /assets/textures/laserGreen.png
20:05:14.301 [JavaFX Application Thread] DEBUG AssetLoader          - Loading from cache: /assets/textures/laserGreen.png
20:05:14.307 [JavaFX Application Thread] DEBUG AssetLoader          - Loading from cache: /assets/textures/laserGreen.png
20:05:14.313 [JavaFX Application Thread] DEBUG AssetLoader          - Loading from cache: /assets/textures/laserGreen.png
20:05:14.316 [JavaFX Application Thread] DEBUG AssetLoader          - Loading from cache: /assets/textures/laserGreen.png
20:05:14.321 [JavaFX Application Thread] DEBUG AssetLoader          - Loading from cache: /assets/textures/laserGreen.png
20:05:14.326 [JavaFX Application Thread] DEBUG AssetLoader          - Loading from cache: /assets/textures/laserGreen.png
20:05:14.332 [JavaFX Application Thread] DEBUG AssetLoader          - Loading from cache: /assets/textures/laserGreen.png
20:05:14.338 [JavaFX Application Thread] DEBUG AssetLoader          - Loading from cache: /assets/textures/laserGreen.png
20:05:14.343 [JavaFX Application Thread] DEBUG AssetLoader          - Loading from cache: /assets/textures/laserGreen.png
20:05:14.348 [JavaFX Application Thread] DEBUG AssetLoader          - Loading from cache: /assets/textures/laserGreen.png
20:05:14.356 [JavaFX Application Thread] DEBUG AssetLoader          - Loading from cache: /assets/textures/laserGreen.png
20:05:14.361 [JavaFX Application Thread] DEBUG AssetLoader          - Loading from cache: /assets/textures/laserGreen.png
20:05:14.365 [JavaFX Application Thread] DEBUG AssetLoader          - Loading from cache: /assets/textures/laserGreen.png
20:05:14.370 [JavaFX Application Thread] DEBUG AssetLoader          - Loading from cache: /assets/textures/laserGreen.png
20:05:14.375 [JavaFX Application Thread] DEBUG AssetLoader          - Loading from cache: /assets/textures/laserGreen.png
20:05:14.382 [JavaFX Application Thread] DEBUG AssetLoader          - Loading from cache: /assets/textures/laserGreen.png
20:05:14.389 [JavaFX Application Thread] DEBUG AssetLoader          - Loading from cache: /assets/textures/laserGreen.png
20:05:14.395 [JavaFX Application Thread] DEBUG AssetLoader          - Loading from cache: /assets/textures/laserGreen.png
20:05:14.399 [JavaFX Application Thread] DEBUG AssetLoader          - Loading from cache: /assets/textures/laserGreen.png
20:05:14.415 [JavaFX Application Thread] DEBUG AssetLoader          - Loading from cache: /assets/textures/laserGreen.png
20:05:14.425 [JavaFX Application Thread] DEBUG AssetLoader          - Loading from cache: /assets/textures/laserGreen.png
20:05:14.432 [JavaFX Application Thread] DEBUG AssetLoader          - Loading from cache: /assets/textures/laserGreen.png
20:05:14.437 [JavaFX Application Thread] DEBUG AssetLoader          - Loading from cache: /assets/textures/laserGreen.png
20:05:14.441 [JavaFX Application Thread] DEBUG AssetLoader          - Loading from cache: /assets/textures/laserGreen.png
20:05:14.447 [JavaFX Application Thread] DEBUG AssetLoader          - Loading from cache: /assets/textures/laserGreen.png
20:05:14.449 [JavaFX Application Thread] DEBUG AssetLoader          - Loading from cache: /assets/textures/laserGreen.png
20:05:14.455 [JavaFX Application Thread] DEBUG AssetLoader          - Loading from cache: /assets/textures/laserGreen.png
20:05:14.460 [JavaFX Application Thread] DEBUG AssetLoader          - Loading from cache: /assets/textures/laserGreen.png
20:05:14.465 [JavaFX Application Thread] DEBUG AssetLoader          - Loading from cache: /assets/textures/laserGreen.png
20:05:14.469 [JavaFX Application Thread] DEBUG AssetLoader          - Loading from cache: /assets/textures/laserGreen.png
20:05:14.473 [JavaFX Application Thread] DEBUG AssetLoader          - Loading from cache: /assets/textures/laserGreen.png
20:05:14.479 [JavaFX Application Thread] DEBUG AssetLoader          - Loading from cache: /assets/textures/laserGreen.png
20:05:14.482 [JavaFX Application Thread] DEBUG AssetLoader          - Loading from cache: /assets/textures/laserGreen.png
20:05:14.488 [JavaFX Application Thread] DEBUG AssetLoader          - Loading from cache: /assets/textures/laserGreen.png
20:05:14.492 [JavaFX Application Thread] DEBUG AssetLoader          - Loading from cache: /assets/textures/laserGreen.png
20:05:14.498 [JavaFX Application Thread] DEBUG AssetLoader          - Loading from cache: /assets/textures/laserGreen.png
20:05:14.503 [JavaFX Application Thread] DEBUG AssetLoader          - Loading from cache: /assets/textures/laserGreen.png
20:05:14.508 [JavaFX Application Thread] DEBUG AssetLoader          - Loading from cache: /assets/textures/laserGreen.png
20:05:14.513 [JavaFX Application Thread] DEBUG AssetLoader          - Loading from cache: /assets/textures/laserGreen.png
20:05:14.515 [JavaFX Application Thread] DEBUG AssetLoader          - Loading from cache: /assets/textures/laserGreen.png
20:05:14.523 [JavaFX Application Thread] DEBUG AssetLoader          - Loading from cache: /assets/textures/laserGreen.png
20:05:14.528 [JavaFX Application Thread] DEBUG AssetLoader          - Loading from cache: /assets/textures/laserGreen.png
20:05:14.531 [JavaFX Application Thread] DEBUG AssetLoader          - Loading from cache: /assets/textures/laserGreen.png
20:05:14.538 [JavaFX Application Thread] DEBUG AssetLoader          - Loading from cache: /assets/textures/laserGreen.png
20:05:14.543 [JavaFX Application Thread] DEBUG AssetLoader          - Loading from cache: /assets/textures/laserGreen.png
20:05:14.548 [JavaFX Application Thread] DEBUG AssetLoader          - Loading from cache: /assets/textures/laserGreen.png
20:05:14.554 [JavaFX Application Thread] DEBUG AssetLoader          - Loading from cache: /assets/textures/laserGreen.png
20:05:14.561 [JavaFX Application Thread] DEBUG AssetLoader          - Loading from cache: /assets/textures/laserGreen.png
20:05:14.564 [JavaFX Application Thread] DEBUG AssetLoader          - Loading from cache: /assets/textures/laserGreen.png
20:05:14.570 [JavaFX Application Thread] DEBUG AssetLoader          - Loading from cache: /assets/textures/laserGreen.png
20:05:14.574 [JavaFX Application Thread] DEBUG AssetLoader          - Loading from cache: /assets/textures/laserGreen.png
20:05:14.580 [JavaFX Application Thread] DEBUG AssetLoader          - Loading from cache: /assets/textures/laserGreen.png
20:05:14.581 [JavaFX Application Thread] DEBUG AssetLoader          - Loading from cache: /assets/textures/laserGreen.png
20:05:14.588 [JavaFX Application Thread] DEBUG AssetLoader          - Loading from cache: /assets/textures/laserGreen.png
20:05:14.592 [JavaFX Application Thread] DEBUG AssetLoader          - Loading from cache: /assets/textures/laserGreen.png
20:05:14.597 [JavaFX Application Thread] DEBUG AssetLoader          - Loading from cache: /assets/textures/laserGreen.png
20:05:14.602 [JavaFX Application Thread] DEBUG AssetLoader          - Loading from cache: /assets/textures/laserGreen.png
20:05:14.607 [JavaFX Application Thread] DEBUG AssetLoader          - Loading from cache: /assets/textures/laserGreen.png
20:05:14.613 [JavaFX Application Thread] DEBUG AssetLoader          - Loading from cache: /assets/textures/laserGreen.png
20:05:14.620 [JavaFX Application Thread] DEBUG AssetLoader          - Loading from cache: /assets/textures/laserGreen.png
20:05:14.624 [JavaFX Application Thread] DEBUG AssetLoader          - Loading from cache: /assets/textures/laserGreen.png
20:05:14.629 [JavaFX Application Thread] DEBUG AssetLoader          - Loading from cache: /assets/textures/laserGreen.png
20:05:14.631 [JavaFX Application Thread] DEBUG AssetLoader          - Loading from cache: /assets/textures/laserGreen.png
20:05:14.638 [JavaFX Application Thread] DEBUG AssetLoader          - Loading from cache: /assets/textures/laserGreen.png
20:05:14.643 [JavaFX Application Thread] DEBUG AssetLoader          - Loading from cache: /assets/textures/laserGreen.png
20:05:14.648 [JavaFX Application Thread] DEBUG AssetLoader          - Loading from cache: /assets/textures/laserGreen.png
20:05:14.653 [JavaFX Application Thread] DEBUG AssetLoader          - Loading from cache: /assets/textures/laserGreen.png
20:05:14.658 [JavaFX Application Thread] DEBUG AssetLoader          - Loading from cache: /assets/textures/laserGreen.png
20:05:14.664 [JavaFX Application Thread] DEBUG AssetLoader          - Loading from cache: /assets/textures/laserGreen.png
20:05:14.670 [JavaFX Application Thread] DEBUG AssetLoader          - Loading from cache: /assets/textures/laserGreen.png
20:05:14.676 [JavaFX Application Thread] DEBUG AssetLoader          - Loading from cache: /assets/textures/laserGreen.png
20:05:14.680 [JavaFX Application Thread] DEBUG AssetLoader          - Loading from cache: /assets/textures/laserGreen.png
20:05:14.688 [JavaFX Application Thread] DEBUG AssetLoader          - Loading from cache: /assets/textures/laserGreen.png
20:05:14.694 [JavaFX Application Thread] DEBUG AssetLoader          - Loading from cache: /assets/textures/laserGreen.png
20:05:14.698 [JavaFX Application Thread] DEBUG AssetLoader          - Loading from cache: /assets/textures/laserGreen.png
20:05:14.702 [JavaFX Application Thread] DEBUG AssetLoader          - Loading from cache: /assets/textures/laserGreen.png
20:05:14.707 [JavaFX Application Thread] DEBUG AssetLoader          - Loading from cache: /assets/textures/laserGreen.png
20:05:14.712 [JavaFX Application Thread] DEBUG AssetLoader          - Loading from cache: /assets/textures/laserGreen.png
20:05:14.714 [JavaFX Application Thread] DEBUG AssetLoader          - Loading from cache: /assets/textures/laserGreen.png
20:05:14.720 [JavaFX Application Thread] DEBUG AssetLoader          - Loading from cache: /assets/textures/laserGreen.png
20:05:14.725 [JavaFX Application Thread] DEBUG AssetLoader          - Loading from cache: /assets/textures/laserGreen.png
20:05:14.729 [JavaFX Application Thread] DEBUG AssetLoader          - Loading from cache: /assets/textures/laserGreen.png
20:05:14.731 [JavaFX Application Thread] DEBUG AssetLoader          - Loading from cache: /assets/textures/laserGreen.png
20:05:14.738 [JavaFX Application Thread] DEBUG AssetLoader          - Loading from cache: /assets/textures/laserGreen.png
20:05:14.744 [JavaFX Application Thread] DEBUG AssetLoader          - Loading from cache: /assets/textures/laserGreen.png
20:05:14.747 [JavaFX Application Thread] DEBUG AssetLoader          - Loading from cache: /assets/textures/laserGreen.png
20:05:14.754 [JavaFX Application Thread] DEBUG AssetLoader          - Loading from cache: /assets/textures/laserGreen.png
20:05:14.760 [JavaFX Application Thread] DEBUG AssetLoader          - Loading from cache: /assets/textures/laserGreen.png
20:05:14.765 [JavaFX Application Thread] DEBUG AssetLoader          - Loading from cache: /assets/textures/laserGreen.png
20:05:14.769 [JavaFX Application Thread] DEBUG AssetLoader          - Loading from cache: /assets/textures/laserGreen.png
20:05:14.774 [JavaFX Application Thread] DEBUG AssetLoader          - Loading from cache: /assets/textures/laserGreen.png
20:05:14.780 [JavaFX Application Thread] DEBUG AssetLoader          - Loading from cache: /assets/textures/laserGreen.png
20:05:14.781 [JavaFX Application Thread] DEBUG AssetLoader          - Loading from cache: /assets/textures/laserGreen.png
20:05:14.788 [JavaFX Application Thread] DEBUG AssetLoader          - Loading from cache: /assets/textures/laserGreen.png
20:05:14.794 [JavaFX Application Thread] DEBUG AssetLoader          - Loading from cache: /assets/textures/laserGreen.png
20:05:14.798 [JavaFX Application Thread] DEBUG AssetLoader          - Loading from cache: /assets/textures/laserGreen.png
20:05:14.804 [JavaFX Application Thread] DEBUG AssetLoader          - Loading from cache: /assets/textures/laserGreen.png
20:05:14.808 [JavaFX Application Thread] DEBUG AssetLoader          - Loading from cache: /assets/textures/laserGreen.png
20:05:14.813 [JavaFX Application Thread] DEBUG AssetLoader          - Loading from cache: /assets/textures/laserGreen.png
20:05:14.815 [JavaFX Application Thread] DEBUG AssetLoader          - Loading from cache: /assets/textures/laserGreen.png
20:05:14.822 [JavaFX Application Thread] DEBUG AssetLoader          - Loading from cache: /assets/textures/laserGreen.png
20:05:14.828 [JavaFX Application Thread] DEBUG AssetLoader          - Loading from cache: /assets/textures/laserGreen.png
20:05:14.832 [JavaFX Application Thread] DEBUG AssetLoader          - Loading from cache: /assets/textures/laserGreen.png
20:05:14.840 [JavaFX Application Thread] DEBUG AssetLoader          - Loading from cache: /assets/textures/laserGreen.png
20:05:14.845 [JavaFX Application Thread] DEBUG AssetLoader          - Loading from cache: /assets/textures/laserGreen.png
20:05:14.849 [JavaFX Application Thread] DEBUG AssetLoader          - Loading from cache: /assets/textures/laserGreen.png
20:05:14.854 [JavaFX Application Thread] DEBUG AssetLoader          - Loading from cache: /assets/textures/laserGreen.png
20:05:14.874 [JavaFX Application Thread] DEBUG AssetLoader          - Loading from cache: /assets/textures/laserGreen.png
20:05:14.876 [JavaFX Application Thread] DEBUG AssetLoader          - Loading from cache: /assets/textures/laserGreen.png
20:05:14.885 [JavaFX Application Thread] DEBUG AssetLoader          - Loading from cache: /assets/textures/laserGreen.png
20:05:14.891 [JavaFX Application Thread] DEBUG AssetLoader          - Loading from cache: /assets/textures/laserGreen.png
20:05:14.893 [JavaFX Application Thread] DEBUG AssetLoader          - Loading from cache: /assets/textures/laserGreen.png
20:05:14.901 [JavaFX Application Thread] DEBUG AssetLoader          - Loading from cache: /assets/textures/laserGreen.png
20:05:14.906 [JavaFX Application Thread] DEBUG AssetLoader          - Loading from cache: /assets/textures/laserGreen.png
20:05:14.909 [JavaFX Application Thread] DEBUG AssetLoader          - Loading from cache: /assets/textures/laserGreen.png
20:05:14.914 [JavaFX Application Thread] DEBUG AssetLoader          - Loading from cache: /assets/textures/laserGreen.png
20:05:14.918 [JavaFX Application Thread] DEBUG AssetLoader          - Loading from cache: /assets/textures/laserGreen.png
20:05:14.922 [JavaFX Application Thread] DEBUG AssetLoader          - Loading from cache: /assets/textures/laserGreen.png
20:05:14.925 [JavaFX Application Thread] DEBUG AssetLoader          - Loading from cache: /assets/textures/laserGreen.png
20:05:14.930 [JavaFX Application Thread] DEBUG AssetLoader          - Loading from cache: /assets/textures/laserGreen.png
20:05:14.935 [JavaFX Application Thread] DEBUG AssetLoader          - Loading from cache: /assets/textures/laserGreen.png
20:05:14.939 [JavaFX Application Thread] DEBUG AssetLoader          - Loading from cache: /assets/textures/laserGreen.png
20:05:14.941 [JavaFX Application Thread] DEBUG AssetLoader          - Loading from cache: /assets/textures/laserGreen.png
20:05:14.948 [JavaFX Application Thread] DEBUG AssetLoader          - Loading from cache: /assets/textures/laserGreen.png
20:05:14.953 [JavaFX Application Thread] DEBUG AssetLoader          - Loading from cache: /assets/textures/laserGreen.png
20:05:14.957 [JavaFX Application Thread] DEBUG AssetLoader          - Loading from cache: /assets/textures/laserGreen.png
20:05:14.964 [JavaFX Application Thread] DEBUG AssetLoader          - Loading from cache: /assets/textures/laserGreen.png
20:05:14.969 [JavaFX Application Thread] DEBUG AssetLoader          - Loading from cache: /assets/textures/laserGreen.png
20:05:14.974 [JavaFX Application Thread] DEBUG AssetLoader          - Loading from cache: /assets/textures/laserGreen.png
20:05:14.980 [JavaFX Application Thread] DEBUG AssetLoader          - Loading from cache: /assets/textures/laserGreen.png
20:05:14.985 [JavaFX Application Thread] DEBUG AssetLoader          - Loading from cache: /assets/textures/laserGreen.png
20:05:14.990 [JavaFX Application Thread] DEBUG AssetLoader          - Loading from cache: /assets/textures/laserGreen.png
20:05:14.996 [JavaFX Application Thread] DEBUG AssetLoader          - Loading from cache: /assets/textures/laserGreen.png
20:05:15.000 [JavaFX Application Thread] DEBUG AssetLoader          - Loading from cache: /assets/textures/laserGreen.png
20:05:15.005 [JavaFX Application Thread] DEBUG AssetLoader          - Loading from cache: /assets/textures/laserGreen.png
20:05:15.006 [JavaFX Application Thread] DEBUG AssetLoader          - Loading from cache: /assets/textures/laserGreen.png
20:05:15.014 [JavaFX Application Thread] DEBUG AssetLoader          - Loading from cache: /assets/textures/laserGreen.png
20:05:15.019 [JavaFX Application Thread] DEBUG AssetLoader          - Loading from cache: /assets/textures/laserGreen.png
20:05:15.022 [JavaFX Application Thread] DEBUG AssetLoader          - Loading from cache: /assets/textures/laserGreen.png
20:05:15.031 [JavaFX Application Thread] DEBUG AssetLoader          - Loading from cache: /assets/textures/laserGreen.png
20:05:15.035 [JavaFX Application Thread] DEBUG AssetLoader          - Loading from cache: /assets/textures/laserGreen.png
20:05:15.041 [JavaFX Application Thread] DEBUG AssetLoader          - Loading from cache: /assets/textures/laserGreen.png
20:05:15.050 [JavaFX Application Thread] DEBUG AssetLoader          - Loading from cache: /assets/textures/laserGreen.png
20:05:15.055 [JavaFX Application Thread] DEBUG AssetLoader          - Loading from cache: /assets/textures/laserGreen.png
20:05:15.060 [JavaFX Application Thread] DEBUG AssetLoader          - Loading from cache: /assets/textures/laserGreen.png
20:05:15.064 [JavaFX Application Thread] DEBUG AssetLoader          - Loading from cache: /assets/textures/laserGreen.png
20:05:15.068 [JavaFX Application Thread] DEBUG AssetLoader          - Loading from cache: /assets/textures/laserGreen.png
20:05:15.072 [JavaFX Application Thread] DEBUG AssetLoader          - Loading from cache: /assets/textures/laserGreen.png
20:05:15.078 [JavaFX Application Thread] DEBUG AssetLoader          - Loading from cache: /assets/textures/laserGreen.png
20:05:15.081 [JavaFX Application Thread] DEBUG AssetLoader          - Loading from cache: /assets/textures/laserGreen.png
20:05:15.086 [JavaFX Application Thread] DEBUG AssetLoader          - Loading from cache: /assets/textures/laserGreen.png
20:05:15.088 [JavaFX Application Thread] DEBUG AssetLoader          - Loading from cache: /assets/textures/laserGreen.png
20:05:15.095 [JavaFX Application Thread] DEBUG AssetLoader          - Loading from cache: /assets/textures/laserGreen.png
20:05:15.100 [JavaFX Application Thread] DEBUG AssetLoader          - Loading from cache: /assets/textures/laserGreen.png
20:05:15.103 [JavaFX Application Thread] DEBUG AssetLoader          - Loading from cache: /assets/textures/laserGreen.png
20:05:15.105 [JavaFX Application Thread] DEBUG AssetLoader          - Loading from cache: /assets/textures/laserGreen.png
20:05:15.111 [JavaFX Application Thread] DEBUG AssetLoader          - Loading from cache: /assets/textures/laserGreen.png
20:05:15.116 [JavaFX Application Thread] DEBUG AssetLoader          - Loading from cache: /assets/textures/laserGreen.png
20:05:15.120 [JavaFX Application Thread] DEBUG AssetLoader          - Loading from cache: /assets/textures/laserGreen.png
20:05:15.122 [JavaFX Application Thread] DEBUG AssetLoader          - Loading from cache: /assets/textures/laserGreen.png
20:05:15.129 [JavaFX Application Thread] DEBUG AssetLoader          - Loading from cache: /assets/textures/laserGreen.png
20:05:15.134 [JavaFX Application Thread] DEBUG AssetLoader          - Loading from cache: /assets/textures/laserGreen.png
20:05:15.138 [JavaFX Application Thread] DEBUG AssetLoader          - Loading from cache: /assets/textures/laserGreen.png
20:05:15.143 [JavaFX Application Thread] DEBUG AssetLoader          - Loading from cache: /assets/textures/laserGreen.png
20:05:15.150 [JavaFX Application Thread] DEBUG AssetLoader          - Loading from cache: /assets/textures/laserGreen.png
20:05:15.155 [JavaFX Application Thread] DEBUG AssetLoader          - Loading from cache: /assets/textures/laserGreen.png
20:05:15.159 [JavaFX Application Thread] DEBUG AssetLoader          - Loading from cache: /assets/textures/laserGreen.png
20:05:15.165 [JavaFX Application Thread] DEBUG AssetLoader          - Loading from cache: /assets/textures/laserGreen.png
20:05:15.170 [JavaFX Application Thread] DEBUG AssetLoader          - Loading from cache: /assets/textures/laserGreen.png
20:05:15.172 [JavaFX Application Thread] DEBUG AssetLoader          - Loading from cache: /assets/textures/laserGreen.png
20:05:15.179 [JavaFX Application Thread] DEBUG AssetLoader          - Loading from cache: /assets/textures/laserGreen.png
20:05:15.184 [JavaFX Application Thread] DEBUG AssetLoader          - Loading from cache: /assets/textures/laserGreen.png
20:05:15.189 [JavaFX Application Thread] DEBUG AssetLoader          - Loading from cache: /assets/textures/laserGreen.png
20:05:15.196 [JavaFX Application Thread] DEBUG AssetLoader          - Loading from cache: /assets/textures/laserGreen.png
20:05:15.201 [JavaFX Application Thread] DEBUG AssetLoader          - Loading from cache: /assets/textures/laserGreen.png
20:05:15.206 [JavaFX Application Thread] DEBUG AssetLoader          - Loading from cache: /assets/textures/laserGreen.png
20:05:15.872 [JavaFX Application Thread] DEBUG AssetLoader          - Loading from disk: /assets/properties/languages/english.properties
20:05:15.877 [JavaFX Application Thread] DEBUG AssetLoader          - Loading from cache: /assets/ui/fonts/VarelaRound-Regular.ttf
20:05:15.887 [JavaFX Application Thread] DEBUG AssetLoader          - Loading from cache: /assets/ui/fonts/VarelaRound-Regular.ttf
20:05:15.890 [JavaFX Application Thread] DEBUG AssetLoader          - Loading from cache: /assets/properties/languages/english.properties
20:05:15.890 [JavaFX Application Thread] DEBUG AssetLoader          - Loading from cache: /assets/ui/fonts/VarelaRound-Regular.ttf
20:05:15.890 [JavaFX Application Thread] DEBUG AssetLoader          - Loading from cache: /assets/properties/languages/english.properties
20:05:15.894 [JavaFX Application Thread] DEBUG AssetLoader          - Loading from cache: /assets/ui/fonts/VarelaRound-Regular.ttf
20:05:15.895 [JavaFX Application Thread] DEBUG AppStateMachine      - Push state: DialogSubState
20:05:15.895 [JavaFX Application Thread] DEBUG Input                - Clearing active input actions
20:05:15.895 [JavaFX Application Thread] DEBUG AppStateMachine      - PlayState -> DialogSubState
20:05:16.417 [JavaFX Application Thread] DEBUG AssetLoader          - Loading from cache: /assets/sounds/menu/select.wav
20:05:16.743 [JavaFX Application Thread] DEBUG AppStateMachine      - Pop state: DialogSubState
20:05:16.743 [JavaFX Application Thread] DEBUG Input                - Clearing active input actions
20:05:16.744 [JavaFX Application Thread] DEBUG AppStateMachine      - PlayState <- DialogSubState
20:05:16.744 [JavaFX Application Thread] DEBUG FXGL                 - Exiting FXGL
20:05:16.744 [JavaFX Application Thread] DEBUG FXGL                 - Shutting down background threads
20:05:16.745 [JavaFX Application Thread] DEBUG FXGL                 - Saving FXGL system data
20:05:16.749 [JavaFX Application Thread] DEBUG DesktopFSService     - Writing to: system/fxgl.bundle
20:05:16.757 [JavaFX Application Thread] DEBUG FXGL                 - Closing logger and exiting JavaFX
