20:06:29.251 [JavaFX Application Thread] DEBUG GameApplication      - Logger initialized
20:06:29.262 [JavaFX Application Thread] DEBUG GameApplication      - Logging settings
Title: My First Game app
Version: 0.1
Width: 600
Height: 600
Fullscreen: false
Intro: false
Menus: false
Profiling: false
Single step:false
App Mode: DEVELOPER
Menu Key: ESCAPE
Stage Style: DECORATED
Scene Factory: class com.almasb.fxgl.scene.SceneFactory
Dialog Factory: class com.almasb.fxgl.ui.FXGLDialogFactory
UI Factory: class com.almasb.fxgl.ui.FXGLUIFactory
Notification Service: class com.almasb.fxgl.gameplay.notification.XboxNotificationView
Exception Handler: class com.almasb.fxgl.app.FXGLExceptionHandler
20:06:29.262 [JavaFX Application Thread] DEBUG GameApplication      - Starting FXGL
20:06:29.278 [JavaFX Application Thread] INFO  FXGL                 - FXGL-0.5.4 on DESKTOP
20:06:29.279 [JavaFX Application Thread] INFO  FXGL                 - Source code and latest versions at: https://github.com/AlmasB/FXGL
20:06:29.280 [JavaFX Application Thread] INFO  FXGL                 -              Join the FXGL chat at: https://gitter.im/AlmasB/FXGL
20:06:29.281 [JavaFX Application Thread] DEBUG FXGL                 - FXGL started
20:06:29.282 [JavaFX Application Thread] DEBUG FXGL                 - Initializing FXGL
20:06:29.392 [JavaFX Application Thread] DEBUG AssetLoader          - Loading from disk: /assets/ui/cursors/fxgl_default.png
20:06:29.633 [JavaFX Application Thread] DEBUG AssetLoader          - Loading from disk: /assets/ui/fonts/VarelaRound-Regular.ttf
20:06:29.768 [JavaFX Application Thread] DEBUG MainWindow           - Creating a JavaFX scene
20:06:29.851 [JavaFX Application Thread] DEBUG MainWindow           - Target settings size: 600.0 x 600.0
20:06:29.851 [JavaFX Application Thread] DEBUG MainWindow           - Scaled scene size:    600.0 x 600.0
20:06:29.852 [JavaFX Application Thread] DEBUG MainWindow           - Scaled ratio: (1.0, 1.0)
20:06:29.856 [JavaFX Application Thread] DEBUG AssetLoader          - Loading from disk: /assets/ui/css/fxgl_dark.css
20:06:29.862 [JavaFX Application Thread] DEBUG AssetLoader          - Loading from disk: /assets/textures/fxgl_icon.png
20:06:29.896 [JavaFX Application Thread] DEBUG MainWindow           - Opening main window
20:06:30.264 [JavaFX Application Thread] DEBUG MainWindow           - Window border size: (2.0, 25.0)
20:06:30.264 [JavaFX Application Thread] DEBUG MainWindow           - Scaled size: 600.0 x 600.0
20:06:30.264 [JavaFX Application Thread] DEBUG MainWindow           - Scaled ratio: (1.0, 1.0)
20:06:30.270 [JavaFX Application Thread] DEBUG MainWindow           - Scene size: 600.0 x 600.0
20:06:30.270 [JavaFX Application Thread] DEBUG MainWindow           - Stage size: 602.0 x 625.0
20:06:30.370 [ForkJoinPool.commonPool-worker-1] DEBUG FS                   - Loaded DesktopFSService
20:06:30.370 [ForkJoinPool.commonPool-worker-1] DEBUG FXGL                 - Loading FXGL system data
20:06:30.381 [ForkJoinPool.commonPool-worker-1] DEBUG DesktopFSService     - Reading from: system/fxgl.bundle
20:06:30.407 [ForkJoinPool.commonPool-worker-1] DEBUG Bundle               - Logging bundle: FXGL
20:06:30.408 [ForkJoinPool.commonPool-worker-1] DEBUG Bundle               - FXGL.offline.timer.version.check=2019-03-10T17:04:45.363
20:06:30.415 [ForkJoinPool.commonPool-worker-1] DEBUG FXGL                 - Initializing state machine and application states
20:06:30.428 [ForkJoinPool.commonPool-worker-1] DEBUG AssetLoader          - Loading from disk: /assets/ui/cursors/fxgl_default.png
20:06:30.447 [ForkJoinPool.commonPool-worker-1] DEBUG AssetLoader          - Loading from disk: /assets/ui/cursors/fxgl_default.png
20:06:30.465 [ForkJoinPool.commonPool-worker-1] DEBUG AssetLoader          - Loading from cache: /assets/ui/fonts/VarelaRound-Regular.ttf
20:06:30.484 [ForkJoinPool.commonPool-worker-1] DEBUG AssetLoader          - Loading from disk: /assets/ui/cursors/fxgl_default.png
20:06:30.490 [ForkJoinPool.commonPool-worker-1] DEBUG GameScene            - Game scene initialized: 600x600
20:06:30.512 [ForkJoinPool.commonPool-worker-1] DEBUG GameWorld            - Game world initialized
20:06:30.643 [ForkJoinPool.commonPool-worker-1] DEBUG PhysicsWorld         - Physics world initialized: appHeight=600, physics.ppm=50.0
20:06:30.688 [ForkJoinPool.commonPool-worker-1] DEBUG Input                - Registered new binding: Pause - Esc
20:06:30.810 [JavaFX Application Thread] DEBUG FXGL                 - Running preInit()
20:06:30.815 [JavaFX Application Thread] DEBUG Input                - Registered new binding: Screenshot - P
20:06:30.816 [JavaFX Application Thread] DEBUG Input                - Registered new binding: Dev Options - CTRL+0
20:06:30.817 [JavaFX Application Thread] DEBUG Input                - Registered new binding: System info dump - CTRL+9
20:06:30.818 [JavaFX Application Thread] DEBUG Input                - Registered new binding: Restart - CTRL+R
20:06:30.819 [JavaFX Application Thread] DEBUG Input                - Registered new binding: Move Right - D
20:06:30.819 [JavaFX Application Thread] DEBUG Input                - Registered new binding: Move Left - A
20:06:30.820 [JavaFX Application Thread] DEBUG Input                - Registered new binding: Move Up - W
20:06:30.820 [JavaFX Application Thread] DEBUG Input                - Registered new binding: Move Down - S
20:06:30.820 [JavaFX Application Thread] DEBUG Input                - Registered new binding: shoot - Space
20:06:30.826 [JavaFX Application Thread] INFO  FXGL                 - FXGL initialization took: 1.543 sec
20:06:30.826 [JavaFX Application Thread] DEBUG LoopRunner           - Starting loop
20:06:30.831 [JavaFX Application Thread] DEBUG StartupState         - STARTUP
20:06:30.833 [JavaFX Application Thread] DEBUG GameApplication      - Starting new game
20:06:30.833 [JavaFX Application Thread] DEBUG Input                - Clearing active input actions
20:06:30.836 [JavaFX Application Thread] DEBUG AssetLoader          - Loading from disk: /assets/ui/css/fxgl_dark.css
20:06:30.857 [JavaFX Application Thread] DEBUG AppStateMachine      - StartupState -> LoadingState
20:06:30.869 [FXGL Background Thread 1 ] DEBUG InitAppTask          - Clearing previous game
20:06:30.869 [FXGL Background Thread 1 ] DEBUG GameWorld            - Clearing game world
20:06:30.869 [FXGL Background Thread 1 ] DEBUG PhysicsWorld         - Clearing physics world
20:06:30.869 [FXGL Background Thread 1 ] DEBUG GameScene            - Clearing game scene
20:06:30.872 [FXGL Background Thread 1 ] DEBUG InitAppTask          - Initializing Game
20:06:31.029 [FXGL Background Thread 1 ] DEBUG GameScene            - Creating render group for layer: DEFAULT(100000)
20:06:31.038 [FXGL Background Thread 1 ] DEBUG AssetLoader          - Loading from disk: /assets/textures/player.png
20:06:31.050 [FXGL Background Thread 1 ] DEBUG AssetLoader          - Loading from disk: /assets/textures/enemyShip.png
20:06:31.051 [FXGL Background Thread 1 ] DEBUG InitAppTask          - Initializing Physics
20:06:31.052 [FXGL Background Thread 1 ] DEBUG InitAppTask          - Initializing UI
20:06:31.053 [FXGL Background Thread 1 ] DEBUG InitAppTask          - Initialization Complete
20:06:31.053 [FXGL Background Thread 1 ] INFO  InitAppTask          - Game initialization took: 0.185 sec
20:06:31.055 [JavaFX Application Thread] DEBUG Input                - Clearing active input actions
20:06:31.055 [JavaFX Application Thread] DEBUG AssetLoader          - Loading from disk: /assets/ui/css/fxgl_dark.css
20:06:31.065 [JavaFX Application Thread] DEBUG AppStateMachine      - LoadingState -> PlayState
20:06:31.850 [JavaFX Application Thread] DEBUG AssetLoader          - Loading from disk: /assets/textures/laserRed.png
20:06:31.881 [JavaFX Application Thread] DEBUG AssetLoader          - Loading from cache: /assets/textures/laserRed.png
20:06:31.889 [JavaFX Application Thread] DEBUG AssetLoader          - Loading from cache: /assets/textures/laserRed.png
20:06:31.896 [JavaFX Application Thread] DEBUG AssetLoader          - Loading from cache: /assets/textures/laserRed.png
20:06:31.903 [JavaFX Application Thread] DEBUG AssetLoader          - Loading from cache: /assets/textures/laserRed.png
20:06:31.913 [JavaFX Application Thread] DEBUG AssetLoader          - Loading from cache: /assets/textures/laserRed.png
20:06:31.921 [JavaFX Application Thread] DEBUG AssetLoader          - Loading from cache: /assets/textures/laserRed.png
20:06:31.928 [JavaFX Application Thread] DEBUG AssetLoader          - Loading from cache: /assets/textures/laserRed.png
20:06:31.932 [JavaFX Application Thread] DEBUG AssetLoader          - Loading from cache: /assets/textures/laserRed.png
20:06:33.817 [JavaFX Application Thread] DEBUG AssetLoader          - Loading from disk: /assets/properties/languages/english.properties
20:06:33.820 [JavaFX Application Thread] DEBUG AssetLoader          - Loading from cache: /assets/ui/fonts/VarelaRound-Regular.ttf
20:06:33.825 [JavaFX Application Thread] DEBUG AssetLoader          - Loading from cache: /assets/ui/fonts/VarelaRound-Regular.ttf
20:06:33.828 [JavaFX Application Thread] DEBUG AssetLoader          - Loading from cache: /assets/properties/languages/english.properties
20:06:33.829 [JavaFX Application Thread] DEBUG AssetLoader          - Loading from cache: /assets/ui/fonts/VarelaRound-Regular.ttf
20:06:33.830 [JavaFX Application Thread] DEBUG AssetLoader          - Loading from cache: /assets/properties/languages/english.properties
20:06:33.834 [JavaFX Application Thread] DEBUG AssetLoader          - Loading from cache: /assets/ui/fonts/VarelaRound-Regular.ttf
20:06:33.835 [JavaFX Application Thread] DEBUG AppStateMachine      - Push state: DialogSubState
20:06:33.836 [JavaFX Application Thread] DEBUG Input                - Clearing active input actions
20:06:33.836 [JavaFX Application Thread] DEBUG AppStateMachine      - PlayState -> DialogSubState
20:06:34.502 [JavaFX Application Thread] DEBUG AppStateMachine      - Pop state: DialogSubState
20:06:34.503 [JavaFX Application Thread] DEBUG Input                - Clearing active input actions
20:06:34.505 [JavaFX Application Thread] DEBUG AppStateMachine      - PlayState <- DialogSubState
20:06:34.505 [JavaFX Application Thread] DEBUG FXGL                 - Exiting FXGL
20:06:34.505 [JavaFX Application Thread] DEBUG FXGL                 - Shutting down background threads
20:06:34.506 [JavaFX Application Thread] DEBUG FXGL                 - Saving FXGL system data
20:06:34.512 [JavaFX Application Thread] DEBUG DesktopFSService     - Writing to: system/fxgl.bundle
20:06:34.516 [JavaFX Application Thread] DEBUG FXGL                 - Closing logger and exiting JavaFX
